INFO:root:--------------------------------------------------------------------------------
INFO:root:setupLogging Logging started for 054021-1 at 18/08/2021 14:49:12
INFO:root:dbConnect Database opened 18/08/2021 14:49:12
INFO:root: Data load started 18/08/2021 14:49:12
INFO:root:execSQL execSQL 18/08/2021 14:49:12
ERROR:root:execSQL execSQL failed 18/08/2021 14:49:12 INSERT 
                        INTO `rainfall` (`id`, `meter_no`, `read_date`, 
                                `rf_read1`, `dy_read1`, `ql_read1`, `comments`, `creation_date`)
                        VALUES (57515, '054021-1', '2021-1-1', 0.6, 1, 'N', 'Bulk Load', '2021-08-18 14:49:12')
                        
ERROR:root:execSQL execSQL failed 18/08/2021 14:49:12(1062, "Duplicate entry '054021-1-2021-01-01' for key 'rainfall_idx'")
ERROR:root: Insert failed meter_no:054021-1 date:2021-1-1 18/08/2021 14:49:12
INFO:root:execSQL execSQL 18/08/2021 14:49:12
ERROR:root:execSQL execSQL failed 18/08/2021 14:49:12 INSERT 
                        INTO `rainfall` (`id`, `meter_no`, `read_date`, 
                                `rf_read1`, `dy_read1`, `ql_read1`, `comments`, `creation_date`)
                        VALUES (57515, '054021-1', '2021-1-2', 8.6, 1, 'N', 'Bulk Load', '2021-08-18 14:49:12')
                        
ERROR:root:execSQL execSQL failed 18/08/2021 14:49:12(1062, "Duplicate entry '054021-1-2021-01-02' for key 'rainfall_idx'")
ERROR:root: Insert failed meter_no:054021-1 date:2021-1-2 18/08/2021 14:49:12
INFO:root:execSQL execSQL 18/08/2021 14:49:12
ERROR:root:execSQL execSQL failed 18/08/2021 14:49:12 INSERT 
                        INTO `rainfall` (`id`, `meter_no`, `read_date`, 
                                `rf_read1`, `dy_read1`, `ql_read1`, `comments`, `creation_date`)
                        VALUES (57515, '054021-1', '2021-1-3', 11.6, 1, 'N', 'Bulk Load', '2021-08-18 14:49:12')
                        
ERROR:root:execSQL execSQL failed 18/08/2021 14:49:12(1062, "Duplicate entry '054021-1-2021-01-03' for key 'rainfall_idx'")
ERROR:root: Insert failed meter_no:054021-1 date:2021-1-3 18/08/2021 14:49:12
INFO:root:execSQL execSQL 18/08/2021 14:49:12
ERROR:root:execSQL execSQL failed 18/08/2021 14:49:12 INSERT 
                        INTO `rainfall` (`id`, `meter_no`, `read_date`, 
                                `rf_read1`, `dy_read1`, `ql_read1`, `comments`, `creation_date`)
                        VALUES (57515, '054021-1', '2021-1-4', 16.0, 1, 'N', 'Bulk Load', '2021-08-18 14:49:12')
                        
ERROR:root:execSQL execSQL failed 18/08/2021 14:49:12(1062, "Duplicate entry '054021-1-2021-01-04' for key 'rainfall_idx'")
ERROR:root: Insert failed meter_no:054021-1 date:2021-1-4 18/08/2021 14:49:12
INFO:root:execSQL execSQL 18/08/2021 14:49:12
ERROR:root:execSQL execSQL failed 18/08/2021 14:49:12 INSERT 
                        INTO `rainfall` (`id`, `meter_no`, `read_date`, 
                                `rf_read1`, `dy_read1`, `ql_read1`, `comments`, `creation_date`)
                        VALUES (57515, '054021-1', '2021-1-5', 8.0, 1, 'N', 'Bulk Load', '2021-08-18 14:49:12')
                        
ERROR:root:execSQL execSQL failed 18/08/2021 14:49:12(1062, "Duplicate entry '054021-1-2021-01-05' for key 'rainfall_idx'")
ERROR:root: Insert failed meter_no:054021-1 date:2021-1-5 18/08/2021 14:49:12
INFO:root:execSQL execSQL 18/08/2021 14:49:12
ERROR:root:execSQL execSQL failed 18/08/2021 14:49:12 INSERT 
                        INTO `rainfall` (`id`, `meter_no`, `read_date`, 
                                `rf_read1`, `dy_read1`, `ql_read1`, `comments`, `creation_date`)
                        VALUES (57515, '054021-1', '2021-1-6', 0.4, 1, 'N', 'Bulk Load', '2021-08-18 14:49:12')
                        
ERROR:root:execSQL execSQL failed 18/08/2021 14:49:12(1062, "Duplicate entry '054021-1-2021-01-06' for key 'rainfall_idx'")
ERROR:root: Insert failed meter_no:054021-1 date:2021-1-6 18/08/2021 14:49:12
INFO:root:execSQL execSQL 18/08/2021 14:49:12
ERROR:root:execSQL execSQL failed 18/08/2021 14:49:12 INSERT 
                        INTO `rainfall` (`id`, `meter_no`, `read_date`, 
                                `rf_read1`, `dy_read1`, `ql_read1`, `comments`, `creation_date`)
                        VALUES (57515, '054021-1', '2021-1-7', 7.2, 1, 'N', 'Bulk Load', '2021-08-18 14:49:12')
                        
ERROR:root:execSQL execSQL failed 18/08/2021 14:49:12(1062, "Duplicate entry '054021-1-2021-01-07' for key 'rainfall_idx'")
ERROR:root: Insert failed meter_no:054021-1 date:2021-1-7 18/08/2021 14:49:12
INFO:root:execSQL execSQL 18/08/2021 14:49:12
ERROR:root:execSQL execSQL failed 18/08/2021 14:49:12 INSERT 
                        INTO `rainfall` (`id`, `meter_no`, `read_date`, 
                                `rf_read1`, `dy_read1`, `ql_read1`, `comments`, `creation_date`)
                        VALUES (57515, '054021-1', '2021-1-8', 0.6, 1, 'N', 'Bulk Load', '2021-08-18 14:49:12')
                        
ERROR:root:execSQL execSQL failed 18/08/2021 14:49:12(1062, "Duplicate entry '054021-1-2021-01-08' for key 'rainfall_idx'")
ERROR:root: Insert failed meter_no:054021-1 date:2021-1-8 18/08/2021 14:49:12
INFO:root:execSQL execSQL 18/08/2021 14:49:12
ERROR:root:execSQL execSQL failed 18/08/2021 14:49:12 INSERT 
                        INTO `rainfall` (`id`, `meter_no`, `read_date`, 
                                `rf_read1`, `dy_read1`, `ql_read1`, `comments`, `creation_date`)
                        VALUES (57515, '054021-1', '2021-1-9', 0.0, 1, 'N', 'Bulk Load', '2021-08-18 14:49:12')
                        
ERROR:root:execSQL execSQL failed 18/08/2021 14:49:12(1062, "Duplicate entry '054021-1-2021-01-09' for key 'rainfall_idx'")
ERROR:root: Insert failed meter_no:054021-1 date:2021-1-9 18/08/2021 14:49:12
INFO:root:execSQL execSQL 18/08/2021 14:49:12
ERROR:root:execSQL execSQL failed 18/08/2021 14:49:12 INSERT 
                        INTO `rainfall` (`id`, `meter_no`, `read_date`, 
                                `rf_read1`, `dy_read1`, `ql_read1`, `comments`, `creation_date`)
                        VALUES (57515, '054021-1', '2021-1-10', 0.0, 1, 'N', 'Bulk Load', '2021-08-18 14:49:12')
                        
ERROR:root:execSQL execSQL failed 18/08/2021 14:49:12(1062, "Duplicate entry '054021-1-2021-01-10' for key 'rainfall_idx'")
ERROR:root: Insert failed meter_no:054021-1 date:2021-1-10 18/08/2021 14:49:12
INFO:root:execSQL execSQL 18/08/2021 14:49:12
ERROR:root:execSQL execSQL failed 18/08/2021 14:49:12 INSERT 
                        INTO `rainfall` (`id`, `meter_no`, `read_date`, 
                                `rf_read1`, `dy_read1`, `ql_read1`, `comments`, `creation_date`)
                        VALUES (57515, '054021-1', '2021-1-11', 0.0, 1, 'N', 'Bulk Load', '2021-08-18 14:49:12')
                        
ERROR:root:execSQL execSQL failed 18/08/2021 14:49:12(1062, "Duplicate entry '054021-1-2021-01-11' for key 'rainfall_idx'")
ERROR:root: Insert failed meter_no:054021-1 date:2021-1-11 18/08/2021 14:49:12
INFO:root:execSQL execSQL 18/08/2021 14:49:12
ERROR:root:execSQL execSQL failed 18/08/2021 14:49:12 INSERT 
                        INTO `rainfall` (`id`, `meter_no`, `read_date`, 
                                `rf_read1`, `dy_read1`, `ql_read1`, `comments`, `creation_date`)
                        VALUES (57515, '054021-1', '2021-1-12', 0.0, 1, 'N', 'Bulk Load', '2021-08-18 14:49:12')
                        
ERROR:root:execSQL execSQL failed 18/08/2021 14:49:12(1062, "Duplicate entry '054021-1-2021-01-12' for key 'rainfall_idx'")
ERROR:root: Insert failed meter_no:054021-1 date:2021-1-12 18/08/2021 14:49:12
INFO:root:execSQL execSQL 18/08/2021 14:49:12
ERROR:root:execSQL execSQL failed 18/08/2021 14:49:12 INSERT 
                        INTO `rainfall` (`id`, `meter_no`, `read_date`, 
                                `rf_read1`, `dy_read1`, `ql_read1`, `comments`, `creation_date`)
                        VALUES (57515, '054021-1', '2021-1-13', 0.0, 1, 'N', 'Bulk Load', '2021-08-18 14:49:12')
                        
ERROR:root:execSQL execSQL failed 18/08/2021 14:49:12(1062, "Duplicate entry '054021-1-2021-01-13' for key 'rainfall_idx'")
ERROR:root: Insert failed meter_no:054021-1 date:2021-1-13 18/08/2021 14:49:12
INFO:root:execSQL execSQL 18/08/2021 14:49:12
ERROR:root:execSQL execSQL failed 18/08/2021 14:49:12 INSERT 
                        INTO `rainfall` (`id`, `meter_no`, `read_date`, 
                                `rf_read1`, `dy_read1`, `ql_read1`, `comments`, `creation_date`)
                        VALUES (57515, '054021-1', '2021-1-14', 0.0, 1, 'N', 'Bulk Load', '2021-08-18 14:49:12')
                        
ERROR:root:execSQL execSQL failed 18/08/2021 14:49:12(1062, "Duplicate entry '054021-1-2021-01-14' for key 'rainfall_idx'")
ERROR:root: Insert failed meter_no:054021-1 date:2021-1-14 18/08/2021 14:49:12
INFO:root:execSQL execSQL 18/08/2021 14:49:12
INFO:root:execSQL execSQL 18/08/2021 14:49:12
INFO:root:execSQL execSQL 18/08/2021 14:49:12
ERROR:root:execSQL execSQL failed 18/08/2021 14:49:12 INSERT 
                        INTO `rainfall` (`id`, `meter_no`, `read_date`, 
                                `rf_read1`, `dy_read1`, `ql_read1`, `comments`, `creation_date`)
                        VALUES (57517, '054021-1', '2021-1-17', 0.0, 1, 'N', 'Bulk Load', '2021-08-18 14:49:12')
                        
ERROR:root:execSQL execSQL failed 18/08/2021 14:49:12(1062, "Duplicate entry '054021-1-2021-01-17' for key 'rainfall_idx'")
ERROR:root: Insert failed meter_no:054021-1 date:2021-1-17 18/08/2021 14:49:12
INFO:root:execSQL execSQL 18/08/2021 14:49:12
ERROR:root:execSQL execSQL failed 18/08/2021 14:49:12 INSERT 
                        INTO `rainfall` (`id`, `meter_no`, `read_date`, 
                                `rf_read1`, `dy_read1`, `ql_read1`, `comments`, `creation_date`)
                        VALUES (57517, '054021-1', '2021-1-18', 0.0, 1, 'N', 'Bulk Load', '2021-08-18 14:49:12')
                        
ERROR:root:execSQL execSQL failed 18/08/2021 14:49:12(1062, "Duplicate entry '054021-1-2021-01-18' for key 'rainfall_idx'")
ERROR:root: Insert failed meter_no:054021-1 date:2021-1-18 18/08/2021 14:49:12
INFO:root:execSQL execSQL 18/08/2021 14:49:12
INFO:root:execSQL execSQL 18/08/2021 14:49:12
ERROR:root:execSQL execSQL failed 18/08/2021 14:49:12 INSERT 
                        INTO `rainfall` (`id`, `meter_no`, `read_date`, 
                                `rf_read1`, `dy_read1`, `ql_read1`, `comments`, `creation_date`)
                        VALUES (57518, '054021-1', '2021-1-20', 0.0, 1, 'N', 'Bulk Load', '2021-08-18 14:49:12')
                        
ERROR:root:execSQL execSQL failed 18/08/2021 14:49:12(1062, "Duplicate entry '054021-1-2021-01-20' for key 'rainfall_idx'")
ERROR:root: Insert failed meter_no:054021-1 date:2021-1-20 18/08/2021 14:49:12
INFO:root:execSQL execSQL 18/08/2021 14:49:12
ERROR:root:execSQL execSQL failed 18/08/2021 14:49:12 INSERT 
                        INTO `rainfall` (`id`, `meter_no`, `read_date`, 
                                `rf_read1`, `dy_read1`, `ql_read1`, `comments`, `creation_date`)
                        VALUES (57518, '054021-1', '2021-1-21', 0.0, 1, 'N', 'Bulk Load', '2021-08-18 14:49:12')
                        
ERROR:root:execSQL execSQL failed 18/08/2021 14:49:12(1062, "Duplicate entry '054021-1-2021-01-21' for key 'rainfall_idx'")
ERROR:root: Insert failed meter_no:054021-1 date:2021-1-21 18/08/2021 14:49:12
INFO:root:execSQL execSQL 18/08/2021 14:49:12
ERROR:root:execSQL execSQL failed 18/08/2021 14:49:12 INSERT 
                        INTO `rainfall` (`id`, `meter_no`, `read_date`, 
                                `rf_read1`, `dy_read1`, `ql_read1`, `comments`, `creation_date`)
                        VALUES (57518, '054021-1', '2021-1-22', 0.0, 1, 'N', 'Bulk Load', '2021-08-18 14:49:12')
                        
ERROR:root:execSQL execSQL failed 18/08/2021 14:49:12(1062, "Duplicate entry '054021-1-2021-01-22' for key 'rainfall_idx'")
ERROR:root: Insert failed meter_no:054021-1 date:2021-1-22 18/08/2021 14:49:12
INFO:root:execSQL execSQL 18/08/2021 14:49:12
ERROR:root:execSQL execSQL failed 18/08/2021 14:49:12 INSERT 
                        INTO `rainfall` (`id`, `meter_no`, `read_date`, 
                                `rf_read1`, `dy_read1`, `ql_read1`, `comments`, `creation_date`)
                        VALUES (57518, '054021-1', '2021-1-23', 0.0, 1, 'N', 'Bulk Load', '2021-08-18 14:49:12')
                        
ERROR:root:execSQL execSQL failed 18/08/2021 14:49:12(1062, "Duplicate entry '054021-1-2021-01-23' for key 'rainfall_idx'")
ERROR:root: Insert failed meter_no:054021-1 date:2021-1-23 18/08/2021 14:49:12
INFO:root:execSQL execSQL 18/08/2021 14:49:12
ERROR:root:execSQL execSQL failed 18/08/2021 14:49:12 INSERT 
                        INTO `rainfall` (`id`, `meter_no`, `read_date`, 
                                `rf_read1`, `dy_read1`, `ql_read1`, `comments`, `creation_date`)
                        VALUES (57518, '054021-1', '2021-1-24', 0.0, 1, 'N', 'Bulk Load', '2021-08-18 14:49:12')
                        
ERROR:root:execSQL execSQL failed 18/08/2021 14:49:12(1062, "Duplicate entry '054021-1-2021-01-24' for key 'rainfall_idx'")
ERROR:root: Insert failed meter_no:054021-1 date:2021-1-24 18/08/2021 14:49:12
INFO:root:execSQL execSQL 18/08/2021 14:49:12
ERROR:root:execSQL execSQL failed 18/08/2021 14:49:12 INSERT 
                        INTO `rainfall` (`id`, `meter_no`, `read_date`, 
                                `rf_read1`, `dy_read1`, `ql_read1`, `comments`, `creation_date`)
                        VALUES (57518, '054021-1', '2021-1-25', 0.0, 1, 'N', 'Bulk Load', '2021-08-18 14:49:12')
                        
ERROR:root:execSQL execSQL failed 18/08/2021 14:49:12(1062, "Duplicate entry '054021-1-2021-01-25' for key 'rainfall_idx'")
ERROR:root: Insert failed meter_no:054021-1 date:2021-1-25 18/08/2021 14:49:12
INFO:root:execSQL execSQL 18/08/2021 14:49:12
ERROR:root:execSQL execSQL failed 18/08/2021 14:49:12 INSERT 
                        INTO `rainfall` (`id`, `meter_no`, `read_date`, 
                                `rf_read1`, `dy_read1`, `ql_read1`, `comments`, `creation_date`)
                        VALUES (57518, '054021-1', '2021-1-26', 0.0, 1, 'N', 'Bulk Load', '2021-08-18 14:49:12')
                        
ERROR:root:execSQL execSQL failed 18/08/2021 14:49:12(1062, "Duplicate entry '054021-1-2021-01-26' for key 'rainfall_idx'")
ERROR:root: Insert failed meter_no:054021-1 date:2021-1-26 18/08/2021 14:49:12
INFO:root:execSQL execSQL 18/08/2021 14:49:12
ERROR:root:execSQL execSQL failed 18/08/2021 14:49:12 INSERT 
                        INTO `rainfall` (`id`, `meter_no`, `read_date`, 
                                `rf_read1`, `dy_read1`, `ql_read1`, `comments`, `creation_date`)
                        VALUES (57518, '054021-1', '2021-1-27', 0.0, 1, 'N', 'Bulk Load', '2021-08-18 14:49:12')
                        
ERROR:root:execSQL execSQL failed 18/08/2021 14:49:12(1062, "Duplicate entry '054021-1-2021-01-27' for key 'rainfall_idx'")
ERROR:root: Insert failed meter_no:054021-1 date:2021-1-27 18/08/2021 14:49:12
INFO:root:execSQL execSQL 18/08/2021 14:49:12
ERROR:root:execSQL execSQL failed 18/08/2021 14:49:12 INSERT 
                        INTO `rainfall` (`id`, `meter_no`, `read_date`, 
                                `rf_read1`, `dy_read1`, `ql_read1`, `comments`, `creation_date`)
                        VALUES (57518, '054021-1', '2021-1-28', 0.0, 1, 'N', 'Bulk Load', '2021-08-18 14:49:12')
                        
ERROR:root:execSQL execSQL failed 18/08/2021 14:49:12(1062, "Duplicate entry '054021-1-2021-01-28' for key 'rainfall_idx'")
ERROR:root: Insert failed meter_no:054021-1 date:2021-1-28 18/08/2021 14:49:12
INFO:root:execSQL execSQL 18/08/2021 14:49:12
ERROR:root:execSQL execSQL failed 18/08/2021 14:49:12 INSERT 
                        INTO `rainfall` (`id`, `meter_no`, `read_date`, 
                                `rf_read1`, `dy_read1`, `ql_read1`, `comments`, `creation_date`)
                        VALUES (57518, '054021-1', '2021-1-29', 0.0, 1, 'N', 'Bulk Load', '2021-08-18 14:49:12')
                        
ERROR:root:execSQL execSQL failed 18/08/2021 14:49:12(1062, "Duplicate entry '054021-1-2021-01-29' for key 'rainfall_idx'")
ERROR:root: Insert failed meter_no:054021-1 date:2021-1-29 18/08/2021 14:49:12
INFO:root:execSQL execSQL 18/08/2021 14:49:12
ERROR:root:execSQL execSQL failed 18/08/2021 14:49:12 INSERT 
                        INTO `rainfall` (`id`, `meter_no`, `read_date`, 
                                `rf_read1`, `dy_read1`, `ql_read1`, `comments`, `creation_date`)
                        VALUES (57518, '054021-1', '2021-1-30', 0.0, 1, 'N', 'Bulk Load', '2021-08-18 14:49:12')
                        
ERROR:root:execSQL execSQL failed 18/08/2021 14:49:12(1062, "Duplicate entry '054021-1-2021-01-30' for key 'rainfall_idx'")
ERROR:root: Insert failed meter_no:054021-1 date:2021-1-30 18/08/2021 14:49:12
INFO:root:execSQL execSQL 18/08/2021 14:49:12
INFO:root:execSQL execSQL 18/08/2021 14:49:12
INFO:root:execSQL execSQL 18/08/2021 14:49:12
INFO:root:execSQL execSQL 18/08/2021 14:49:12
INFO:root:execSQL execSQL 18/08/2021 14:49:12
INFO:root:execSQL execSQL 18/08/2021 14:49:12
INFO:root:execSQL execSQL 18/08/2021 14:49:12
INFO:root:execSQL execSQL 18/08/2021 14:49:12
INFO:root:execSQL execSQL 18/08/2021 14:49:12
INFO:root:execSQL execSQL 18/08/2021 14:49:12
INFO:root:execSQL execSQL 18/08/2021 14:49:12
INFO:root:execSQL execSQL 18/08/2021 14:49:13
INFO:root:execSQL execSQL 18/08/2021 14:49:13
INFO:root:execSQL execSQL 18/08/2021 14:49:13
INFO:root:execSQL execSQL 18/08/2021 14:49:13
INFO:root:execSQL execSQL 18/08/2021 14:49:13
INFO:root:execSQL execSQL 18/08/2021 14:49:13
INFO:root:execSQL execSQL 18/08/2021 14:49:13
INFO:root:execSQL execSQL 18/08/2021 14:49:13
INFO:root:execSQL execSQL 18/08/2021 14:49:13
INFO:root:execSQL execSQL 18/08/2021 14:49:13
INFO:root:execSQL execSQL 18/08/2021 14:49:13
INFO:root:execSQL execSQL 18/08/2021 14:49:13
INFO:root:execSQL execSQL 18/08/2021 14:49:13
INFO:root:execSQL execSQL 18/08/2021 14:49:13
INFO:root:execSQL execSQL 18/08/2021 14:49:13
INFO:root:execSQL execSQL 18/08/2021 14:49:13
INFO:root:execSQL execSQL 18/08/2021 14:49:13
INFO:root:execSQL execSQL 18/08/2021 14:49:13
INFO:root:execSQL execSQL 18/08/2021 14:49:13
INFO:root:execSQL execSQL 18/08/2021 14:49:13
INFO:root:execSQL execSQL 18/08/2021 14:49:13
INFO:root:execSQL execSQL 18/08/2021 14:49:13
INFO:root:execSQL execSQL 18/08/2021 14:49:13
INFO:root:execSQL execSQL 18/08/2021 14:49:13
INFO:root:execSQL execSQL 18/08/2021 14:49:13
INFO:root:execSQL execSQL 18/08/2021 14:49:13
INFO:root:execSQL execSQL 18/08/2021 14:49:13
INFO:root:execSQL execSQL 18/08/2021 14:49:13
INFO:root:execSQL execSQL 18/08/2021 14:49:13
INFO:root:execSQL execSQL 18/08/2021 14:49:13
INFO:root:execSQL execSQL 18/08/2021 14:49:13
INFO:root:execSQL execSQL 18/08/2021 14:49:13
INFO:root:execSQL execSQL 18/08/2021 14:49:13
INFO:root:execSQL execSQL 18/08/2021 14:49:13
INFO:root:execSQL execSQL 18/08/2021 14:49:13
INFO:root:execSQL execSQL 18/08/2021 14:49:13
INFO:root:execSQL execSQL 18/08/2021 14:49:13
INFO:root:execSQL execSQL 18/08/2021 14:49:13
INFO:root:execSQL execSQL 18/08/2021 14:49:13
INFO:root:execSQL execSQL 18/08/2021 14:49:13
INFO:root:execSQL execSQL 18/08/2021 14:49:13
INFO:root:execSQL execSQL 18/08/2021 14:49:13
INFO:root:execSQL execSQL 18/08/2021 14:49:13
INFO:root:execSQL execSQL 18/08/2021 14:49:13
INFO:root:execSQL execSQL 18/08/2021 14:49:13
INFO:root:execSQL execSQL 18/08/2021 14:49:13
INFO:root:execSQL execSQL 18/08/2021 14:49:13
INFO:root:execSQL execSQL 18/08/2021 14:49:13
INFO:root:execSQL execSQL 18/08/2021 14:49:13
INFO:root:execSQL execSQL 18/08/2021 14:49:13
INFO:root:execSQL execSQL 18/08/2021 14:49:13
INFO:root:execSQL execSQL 18/08/2021 14:49:13
INFO:root:execSQL execSQL 18/08/2021 14:49:13
INFO:root:execSQL execSQL 18/08/2021 14:49:13
INFO:root:execSQL execSQL 18/08/2021 14:49:13
INFO:root:execSQL execSQL 18/08/2021 14:49:13
INFO:root:execSQL execSQL 18/08/2021 14:49:13
INFO:root:execSQL execSQL 18/08/2021 14:49:13
INFO:root:execSQL execSQL 18/08/2021 14:49:13
INFO:root:execSQL execSQL 18/08/2021 14:49:13
INFO:root:execSQL execSQL 18/08/2021 14:49:13
INFO:root:execSQL execSQL 18/08/2021 14:49:13
INFO:root:execSQL execSQL 18/08/2021 14:49:13
INFO:root:execSQL execSQL 18/08/2021 14:49:13
INFO:root:execSQL execSQL 18/08/2021 14:49:13
INFO:root:execSQL execSQL 18/08/2021 14:49:14
INFO:root:execSQL execSQL 18/08/2021 14:49:14
INFO:root:execSQL execSQL 18/08/2021 14:49:14
INFO:root:execSQL execSQL 18/08/2021 14:49:14
INFO:root:execSQL execSQL 18/08/2021 14:49:14
INFO:root:execSQL execSQL 18/08/2021 14:49:14
INFO:root:execSQL execSQL 18/08/2021 14:49:14
INFO:root:execSQL execSQL 18/08/2021 14:49:14
INFO:root:execSQL execSQL 18/08/2021 14:49:14
INFO:root:execSQL execSQL 18/08/2021 14:49:14
INFO:root:execSQL execSQL 18/08/2021 14:49:14
INFO:root:execSQL execSQL 18/08/2021 14:49:14
INFO:root:execSQL execSQL 18/08/2021 14:49:14
INFO:root:execSQL execSQL 18/08/2021 14:49:14
INFO:root:execSQL execSQL 18/08/2021 14:49:14
INFO:root:execSQL execSQL 18/08/2021 14:49:14
INFO:root:execSQL execSQL 18/08/2021 14:49:14
INFO:root:execSQL execSQL 18/08/2021 14:49:14
INFO:root:execSQL execSQL 18/08/2021 14:49:14
INFO:root:execSQL execSQL 18/08/2021 14:49:14
INFO:root:execSQL execSQL 18/08/2021 14:49:14
INFO:root:execSQL execSQL 18/08/2021 14:49:14
INFO:root:execSQL execSQL 18/08/2021 14:49:14
INFO:root:execSQL execSQL 18/08/2021 14:49:14
INFO:root:execSQL execSQL 18/08/2021 14:49:14
INFO:root:execSQL execSQL 18/08/2021 14:49:14
INFO:root:execSQL execSQL 18/08/2021 14:49:14
INFO:root:execSQL execSQL 18/08/2021 14:49:14
INFO:root:execSQL execSQL 18/08/2021 14:49:14
INFO:root:execSQL execSQL 18/08/2021 14:49:14
INFO:root:execSQL execSQL 18/08/2021 14:49:14
INFO:root:execSQL execSQL 18/08/2021 14:49:14
INFO:root:execSQL execSQL 18/08/2021 14:49:14
INFO:root:execSQL execSQL 18/08/2021 14:49:14
INFO:root:execSQL execSQL 18/08/2021 14:49:14
INFO:root:execSQL execSQL 18/08/2021 14:49:14
INFO:root:execSQL execSQL 18/08/2021 14:49:14
INFO:root:execSQL execSQL 18/08/2021 14:49:14
INFO:root:execSQL execSQL 18/08/2021 14:49:14
INFO:root:execSQL execSQL 18/08/2021 14:49:14
INFO:root:execSQL execSQL 18/08/2021 14:49:14
INFO:root:execSQL execSQL 18/08/2021 14:49:14
INFO:root:execSQL execSQL 18/08/2021 14:49:14
INFO:root:execSQL execSQL 18/08/2021 14:49:14
INFO:root:execSQL execSQL 18/08/2021 14:49:14
INFO:root:execSQL execSQL 18/08/2021 14:49:14
INFO:root:execSQL execSQL 18/08/2021 14:49:14
INFO:root:execSQL execSQL 18/08/2021 14:49:14
INFO:root:execSQL execSQL 18/08/2021 14:49:14
INFO:root:execSQL execSQL 18/08/2021 14:49:14
INFO:root:execSQL execSQL 18/08/2021 14:49:14
INFO:root:execSQL execSQL 18/08/2021 14:49:14
INFO:root:execSQL execSQL 18/08/2021 14:49:14
INFO:root:execSQL execSQL 18/08/2021 14:49:14
INFO:root:execSQL execSQL 18/08/2021 14:49:14
INFO:root:execSQL execSQL 18/08/2021 14:49:15
INFO:root:execSQL execSQL 18/08/2021 14:49:15
INFO:root:execSQL execSQL 18/08/2021 14:49:15
INFO:root:execSQL execSQL 18/08/2021 14:49:15
INFO:root:execSQL execSQL 18/08/2021 14:49:15
INFO:root:execSQL execSQL 18/08/2021 14:49:15
INFO:root:execSQL execSQL 18/08/2021 14:49:15
INFO:root:execSQL execSQL 18/08/2021 14:49:15
INFO:root:execSQL execSQL 18/08/2021 14:49:15
INFO:root:execSQL execSQL 18/08/2021 14:49:15
INFO:root:execSQL execSQL 18/08/2021 14:49:15
INFO:root:execSQL execSQL 18/08/2021 14:49:15
INFO:root:execSQL execSQL 18/08/2021 14:49:15
INFO:root:execSQL execSQL 18/08/2021 14:49:15
INFO:root:execSQL execSQL 18/08/2021 14:49:15
INFO:root:execSQL execSQL 18/08/2021 14:49:15
INFO:root:execSQL execSQL 18/08/2021 14:49:15
INFO:root:execSQL execSQL 18/08/2021 14:49:15
INFO:root:execSQL execSQL 18/08/2021 14:49:15
INFO:root:execSQL execSQL 18/08/2021 14:49:15
INFO:root:execSQL execSQL 18/08/2021 14:49:15
INFO:root:execSQL execSQL 18/08/2021 14:49:15
INFO:root:execSQL execSQL 18/08/2021 14:49:15
INFO:root:execSQL execSQL 18/08/2021 14:49:15
INFO:root:execSQL execSQL 18/08/2021 14:49:15
INFO:root:execSQL execSQL 18/08/2021 14:49:15
INFO:root:execSQL execSQL 18/08/2021 14:49:15
INFO:root:execSQL execSQL 18/08/2021 14:49:15
INFO:root:execSQL execSQL 18/08/2021 14:49:15
INFO:root:execSQL execSQL 18/08/2021 14:49:15
INFO:root:execSQL execSQL 18/08/2021 14:49:15
INFO:root:execSQL execSQL 18/08/2021 14:49:15
INFO:root:execSQL execSQL 18/08/2021 14:49:15
INFO:root:execSQL execSQL 18/08/2021 14:49:15
INFO:root:execSQL execSQL 18/08/2021 14:49:16
INFO:root:execSQL execSQL 18/08/2021 14:49:16
INFO:root:execSQL execSQL 18/08/2021 14:49:16
INFO:root:execSQL execSQL 18/08/2021 14:49:16
INFO:root:execSQL execSQL 18/08/2021 14:49:16
INFO:root:execSQL execSQL 18/08/2021 14:49:16
INFO:root:execSQL execSQL 18/08/2021 14:49:16
INFO:root:execSQL execSQL 18/08/2021 14:49:16
INFO:root:execSQL execSQL 18/08/2021 14:49:16
INFO:root:execSQL execSQL 18/08/2021 14:49:16
INFO:root:execSQL execSQL 18/08/2021 14:49:16
INFO:root:execSQL execSQL 18/08/2021 14:49:16
INFO:root:execSQL execSQL 18/08/2021 14:49:16
INFO:root:execSQL execSQL 18/08/2021 14:49:16
INFO:root:execSQL execSQL 18/08/2021 14:49:16
INFO:root:execSQL execSQL 18/08/2021 14:49:16
INFO:root:execSQL execSQL 18/08/2021 14:49:16
INFO:root:execSQL execSQL 18/08/2021 14:49:16
INFO:root:execSQL execSQL 18/08/2021 14:49:16
INFO:root:execSQL execSQL 18/08/2021 14:49:16
INFO:root:execSQL execSQL 18/08/2021 14:49:16
INFO:root:execSQL execSQL 18/08/2021 14:49:16
INFO:root:execSQL execSQL 18/08/2021 14:49:16
INFO:root:execSQL execSQL 18/08/2021 14:49:16
INFO:root:execSQL execSQL 18/08/2021 14:49:16
INFO:root:execSQL execSQL 18/08/2021 14:49:16
INFO:root:execSQL execSQL 18/08/2021 14:49:16
INFO:root:execSQL execSQL 18/08/2021 14:49:16
INFO:root:execSQL execSQL 18/08/2021 14:49:16
INFO:root:execSQL execSQL 18/08/2021 14:49:16
INFO:root:execSQL execSQL 18/08/2021 14:49:16
INFO:root:execSQL execSQL 18/08/2021 14:49:16
INFO:root:execSQL execSQL 18/08/2021 14:49:16
INFO:root:execSQL execSQL 18/08/2021 14:49:16
INFO:root:execSQL execSQL 18/08/2021 14:49:16
