INFO:root:--------------------------------------------------------------------------------
INFO:root:setupLogging Logging started for 054021-1 at 13/04/2022 09:04:18
INFO:root:dbConnect Database opened 13/04/2022 09:04:18
INFO:root: Data load started 13/04/2022 09:04:18
INFO:root:execSQL execSQL 13/04/2022 09:04:18
ERROR:root:execSQL execSQL failed 13/04/2022 09:04:18 INSERT 
                        INTO `rainfall` (`id`, `meter_no`, `read_date`, 
                                `rf_read1`, `dy_read1`, `ql_read1`, `comments`, `creation_date`)
                        VALUES (58149, '054021-1', '2022-1-1', 0.0, 1, 'N', 'Bulk Load', '2022-04-13 09:04:18')
                        
ERROR:root:execSQL execSQL failed 13/04/2022 09:04:18(1062, "Duplicate entry '054021-1-2022-01-01' for key 'rainfall_idx'")
ERROR:root: Insert failed meter_no:054021-1 date:2022-1-1 13/04/2022 09:04:18
INFO:root:execSQL execSQL 13/04/2022 09:04:18
ERROR:root:execSQL execSQL failed 13/04/2022 09:04:18 INSERT 
                        INTO `rainfall` (`id`, `meter_no`, `read_date`, 
                                `rf_read1`, `dy_read1`, `ql_read1`, `comments`, `creation_date`)
                        VALUES (58149, '054021-1', '2022-1-2', 34.6, 1, 'N', 'Bulk Load', '2022-04-13 09:04:18')
                        
ERROR:root:execSQL execSQL failed 13/04/2022 09:04:18(1062, "Duplicate entry '054021-1-2022-01-02' for key 'rainfall_idx'")
ERROR:root: Insert failed meter_no:054021-1 date:2022-1-2 13/04/2022 09:04:18
INFO:root:execSQL execSQL 13/04/2022 09:04:18
ERROR:root:execSQL execSQL failed 13/04/2022 09:04:18 INSERT 
                        INTO `rainfall` (`id`, `meter_no`, `read_date`, 
                                `rf_read1`, `dy_read1`, `ql_read1`, `comments`, `creation_date`)
                        VALUES (58149, '054021-1', '2022-1-3', 0.0, 1, 'N', 'Bulk Load', '2022-04-13 09:04:18')
                        
ERROR:root:execSQL execSQL failed 13/04/2022 09:04:18(1062, "Duplicate entry '054021-1-2022-01-03' for key 'rainfall_idx'")
ERROR:root: Insert failed meter_no:054021-1 date:2022-1-3 13/04/2022 09:04:18
INFO:root:execSQL execSQL 13/04/2022 09:04:18
ERROR:root:execSQL execSQL failed 13/04/2022 09:04:18 INSERT 
                        INTO `rainfall` (`id`, `meter_no`, `read_date`, 
                                `rf_read1`, `dy_read1`, `ql_read1`, `comments`, `creation_date`)
                        VALUES (58149, '054021-1', '2022-1-4', 0.0, 1, 'N', 'Bulk Load', '2022-04-13 09:04:18')
                        
ERROR:root:execSQL execSQL failed 13/04/2022 09:04:18(1062, "Duplicate entry '054021-1-2022-01-04' for key 'rainfall_idx'")
ERROR:root: Insert failed meter_no:054021-1 date:2022-1-4 13/04/2022 09:04:18
INFO:root:execSQL execSQL 13/04/2022 09:04:18
ERROR:root:execSQL execSQL failed 13/04/2022 09:04:18 INSERT 
                        INTO `rainfall` (`id`, `meter_no`, `read_date`, 
                                `rf_read1`, `dy_read1`, `ql_read1`, `comments`, `creation_date`)
                        VALUES (58149, '054021-1', '2022-1-5', 0.0, 1, 'N', 'Bulk Load', '2022-04-13 09:04:18')
                        
ERROR:root:execSQL execSQL failed 13/04/2022 09:04:18(1062, "Duplicate entry '054021-1-2022-01-05' for key 'rainfall_idx'")
ERROR:root: Insert failed meter_no:054021-1 date:2022-1-5 13/04/2022 09:04:18
INFO:root:execSQL execSQL 13/04/2022 09:04:18
ERROR:root:execSQL execSQL failed 13/04/2022 09:04:18 INSERT 
                        INTO `rainfall` (`id`, `meter_no`, `read_date`, 
                                `rf_read1`, `dy_read1`, `ql_read1`, `comments`, `creation_date`)
                        VALUES (58149, '054021-1', '2022-1-6', 0.0, 1, 'N', 'Bulk Load', '2022-04-13 09:04:18')
                        
ERROR:root:execSQL execSQL failed 13/04/2022 09:04:18(1062, "Duplicate entry '054021-1-2022-01-06' for key 'rainfall_idx'")
ERROR:root: Insert failed meter_no:054021-1 date:2022-1-6 13/04/2022 09:04:18
INFO:root:execSQL execSQL 13/04/2022 09:04:18
ERROR:root:execSQL execSQL failed 13/04/2022 09:04:18 INSERT 
                        INTO `rainfall` (`id`, `meter_no`, `read_date`, 
                                `rf_read1`, `dy_read1`, `ql_read1`, `comments`, `creation_date`)
                        VALUES (58149, '054021-1', '2022-1-7', 0.0, 1, 'N', 'Bulk Load', '2022-04-13 09:04:18')
                        
ERROR:root:execSQL execSQL failed 13/04/2022 09:04:18(1062, "Duplicate entry '054021-1-2022-01-07' for key 'rainfall_idx'")
ERROR:root: Insert failed meter_no:054021-1 date:2022-1-7 13/04/2022 09:04:18
INFO:root:execSQL execSQL 13/04/2022 09:04:18
ERROR:root:execSQL execSQL failed 13/04/2022 09:04:18 INSERT 
                        INTO `rainfall` (`id`, `meter_no`, `read_date`, 
                                `rf_read1`, `dy_read1`, `ql_read1`, `comments`, `creation_date`)
                        VALUES (58149, '054021-1', '2022-1-8', 0.2, 1, 'N', 'Bulk Load', '2022-04-13 09:04:18')
                        
ERROR:root:execSQL execSQL failed 13/04/2022 09:04:18(1062, "Duplicate entry '054021-1-2022-01-08' for key 'rainfall_idx'")
ERROR:root: Insert failed meter_no:054021-1 date:2022-1-8 13/04/2022 09:04:18
INFO:root:execSQL execSQL 13/04/2022 09:04:18
ERROR:root:execSQL execSQL failed 13/04/2022 09:04:18 INSERT 
                        INTO `rainfall` (`id`, `meter_no`, `read_date`, 
                                `rf_read1`, `dy_read1`, `ql_read1`, `comments`, `creation_date`)
                        VALUES (58149, '054021-1', '2022-1-9', 8.6, 1, 'N', 'Bulk Load', '2022-04-13 09:04:18')
                        
ERROR:root:execSQL execSQL failed 13/04/2022 09:04:18(1062, "Duplicate entry '054021-1-2022-01-09' for key 'rainfall_idx'")
ERROR:root: Insert failed meter_no:054021-1 date:2022-1-9 13/04/2022 09:04:18
INFO:root:execSQL execSQL 13/04/2022 09:04:18
ERROR:root:execSQL execSQL failed 13/04/2022 09:04:18 INSERT 
                        INTO `rainfall` (`id`, `meter_no`, `read_date`, 
                                `rf_read1`, `dy_read1`, `ql_read1`, `comments`, `creation_date`)
                        VALUES (58149, '054021-1', '2022-1-10', 0.0, 1, 'N', 'Bulk Load', '2022-04-13 09:04:18')
                        
ERROR:root:execSQL execSQL failed 13/04/2022 09:04:18(1062, "Duplicate entry '054021-1-2022-01-10' for key 'rainfall_idx'")
ERROR:root: Insert failed meter_no:054021-1 date:2022-1-10 13/04/2022 09:04:18
INFO:root:execSQL execSQL 13/04/2022 09:04:18
ERROR:root:execSQL execSQL failed 13/04/2022 09:04:18 INSERT 
                        INTO `rainfall` (`id`, `meter_no`, `read_date`, 
                                `rf_read1`, `dy_read1`, `ql_read1`, `comments`, `creation_date`)
                        VALUES (58149, '054021-1', '2022-1-11', 8.6, 1, 'N', 'Bulk Load', '2022-04-13 09:04:18')
                        
ERROR:root:execSQL execSQL failed 13/04/2022 09:04:18(1062, "Duplicate entry '054021-1-2022-01-11' for key 'rainfall_idx'")
ERROR:root: Insert failed meter_no:054021-1 date:2022-1-11 13/04/2022 09:04:18
INFO:root:execSQL execSQL 13/04/2022 09:04:18
ERROR:root:execSQL execSQL failed 13/04/2022 09:04:18 INSERT 
                        INTO `rainfall` (`id`, `meter_no`, `read_date`, 
                                `rf_read1`, `dy_read1`, `ql_read1`, `comments`, `creation_date`)
                        VALUES (58149, '054021-1', '2022-1-12', 0.0, 1, 'N', 'Bulk Load', '2022-04-13 09:04:18')
                        
ERROR:root:execSQL execSQL failed 13/04/2022 09:04:18(1062, "Duplicate entry '054021-1-2022-01-12' for key 'rainfall_idx'")
ERROR:root: Insert failed meter_no:054021-1 date:2022-1-12 13/04/2022 09:04:18
INFO:root:execSQL execSQL 13/04/2022 09:04:18
ERROR:root:execSQL execSQL failed 13/04/2022 09:04:18 INSERT 
                        INTO `rainfall` (`id`, `meter_no`, `read_date`, 
                                `rf_read1`, `dy_read1`, `ql_read1`, `comments`, `creation_date`)
                        VALUES (58149, '054021-1', '2022-1-13', 0.0, 1, 'N', 'Bulk Load', '2022-04-13 09:04:18')
                        
ERROR:root:execSQL execSQL failed 13/04/2022 09:04:18(1062, "Duplicate entry '054021-1-2022-01-13' for key 'rainfall_idx'")
ERROR:root: Insert failed meter_no:054021-1 date:2022-1-13 13/04/2022 09:04:18
INFO:root:execSQL execSQL 13/04/2022 09:04:18
ERROR:root:execSQL execSQL failed 13/04/2022 09:04:18 INSERT 
                        INTO `rainfall` (`id`, `meter_no`, `read_date`, 
                                `rf_read1`, `dy_read1`, `ql_read1`, `comments`, `creation_date`)
                        VALUES (58149, '054021-1', '2022-1-14', 0.0, 1, 'N', 'Bulk Load', '2022-04-13 09:04:18')
                        
ERROR:root:execSQL execSQL failed 13/04/2022 09:04:18(1062, "Duplicate entry '054021-1-2022-01-14' for key 'rainfall_idx'")
ERROR:root: Insert failed meter_no:054021-1 date:2022-1-14 13/04/2022 09:04:18
INFO:root:execSQL execSQL 13/04/2022 09:04:18
ERROR:root:execSQL execSQL failed 13/04/2022 09:04:18 INSERT 
                        INTO `rainfall` (`id`, `meter_no`, `read_date`, 
                                `rf_read1`, `dy_read1`, `ql_read1`, `comments`, `creation_date`)
                        VALUES (58149, '054021-1', '2022-1-15', 0.0, 1, 'N', 'Bulk Load', '2022-04-13 09:04:18')
                        
ERROR:root:execSQL execSQL failed 13/04/2022 09:04:18(1062, "Duplicate entry '054021-1-2022-01-15' for key 'rainfall_idx'")
ERROR:root: Insert failed meter_no:054021-1 date:2022-1-15 13/04/2022 09:04:18
INFO:root:execSQL execSQL 13/04/2022 09:04:18
ERROR:root:execSQL execSQL failed 13/04/2022 09:04:18 INSERT 
                        INTO `rainfall` (`id`, `meter_no`, `read_date`, 
                                `rf_read1`, `dy_read1`, `ql_read1`, `comments`, `creation_date`)
                        VALUES (58149, '054021-1', '2022-1-16', 0.6, 1, 'N', 'Bulk Load', '2022-04-13 09:04:18')
                        
ERROR:root:execSQL execSQL failed 13/04/2022 09:04:18(1062, "Duplicate entry '054021-1-2022-01-16' for key 'rainfall_idx'")
ERROR:root: Insert failed meter_no:054021-1 date:2022-1-16 13/04/2022 09:04:18
INFO:root:execSQL execSQL 13/04/2022 09:04:18
ERROR:root:execSQL execSQL failed 13/04/2022 09:04:18 INSERT 
                        INTO `rainfall` (`id`, `meter_no`, `read_date`, 
                                `rf_read1`, `dy_read1`, `ql_read1`, `comments`, `creation_date`)
                        VALUES (58149, '054021-1', '2022-1-17', 0.0, 1, 'N', 'Bulk Load', '2022-04-13 09:04:18')
                        
ERROR:root:execSQL execSQL failed 13/04/2022 09:04:18(1062, "Duplicate entry '054021-1-2022-01-17' for key 'rainfall_idx'")
ERROR:root: Insert failed meter_no:054021-1 date:2022-1-17 13/04/2022 09:04:18
INFO:root:execSQL execSQL 13/04/2022 09:04:18
ERROR:root:execSQL execSQL failed 13/04/2022 09:04:18 INSERT 
                        INTO `rainfall` (`id`, `meter_no`, `read_date`, 
                                `rf_read1`, `dy_read1`, `ql_read1`, `comments`, `creation_date`)
                        VALUES (58149, '054021-1', '2022-1-18', 0.0, 1, 'N', 'Bulk Load', '2022-04-13 09:04:18')
                        
ERROR:root:execSQL execSQL failed 13/04/2022 09:04:18(1062, "Duplicate entry '054021-1-2022-01-18' for key 'rainfall_idx'")
ERROR:root: Insert failed meter_no:054021-1 date:2022-1-18 13/04/2022 09:04:18
INFO:root:execSQL execSQL 13/04/2022 09:04:18
ERROR:root:execSQL execSQL failed 13/04/2022 09:04:18 INSERT 
                        INTO `rainfall` (`id`, `meter_no`, `read_date`, 
                                `rf_read1`, `dy_read1`, `ql_read1`, `comments`, `creation_date`)
                        VALUES (58149, '054021-1', '2022-1-19', 47.2, 1, 'N', 'Bulk Load', '2022-04-13 09:04:18')
                        
ERROR:root:execSQL execSQL failed 13/04/2022 09:04:18(1062, "Duplicate entry '054021-1-2022-01-19' for key 'rainfall_idx'")
ERROR:root: Insert failed meter_no:054021-1 date:2022-1-19 13/04/2022 09:04:18
INFO:root:execSQL execSQL 13/04/2022 09:04:18
ERROR:root:execSQL execSQL failed 13/04/2022 09:04:18 INSERT 
                        INTO `rainfall` (`id`, `meter_no`, `read_date`, 
                                `rf_read1`, `dy_read1`, `ql_read1`, `comments`, `creation_date`)
                        VALUES (58149, '054021-1', '2022-1-20', 5.4, 1, 'N', 'Bulk Load', '2022-04-13 09:04:18')
                        
ERROR:root:execSQL execSQL failed 13/04/2022 09:04:18(1062, "Duplicate entry '054021-1-2022-01-20' for key 'rainfall_idx'")
ERROR:root: Insert failed meter_no:054021-1 date:2022-1-20 13/04/2022 09:04:18
INFO:root:execSQL execSQL 13/04/2022 09:04:18
ERROR:root:execSQL execSQL failed 13/04/2022 09:04:18 INSERT 
                        INTO `rainfall` (`id`, `meter_no`, `read_date`, 
                                `rf_read1`, `dy_read1`, `ql_read1`, `comments`, `creation_date`)
                        VALUES (58149, '054021-1', '2022-1-21', 0.0, 1, 'N', 'Bulk Load', '2022-04-13 09:04:18')
                        
ERROR:root:execSQL execSQL failed 13/04/2022 09:04:18(1062, "Duplicate entry '054021-1-2022-01-21' for key 'rainfall_idx'")
ERROR:root: Insert failed meter_no:054021-1 date:2022-1-21 13/04/2022 09:04:18
INFO:root:execSQL execSQL 13/04/2022 09:04:18
ERROR:root:execSQL execSQL failed 13/04/2022 09:04:18 INSERT 
                        INTO `rainfall` (`id`, `meter_no`, `read_date`, 
                                `rf_read1`, `dy_read1`, `ql_read1`, `comments`, `creation_date`)
                        VALUES (58149, '054021-1', '2022-1-22', 0.0, 1, 'N', 'Bulk Load', '2022-04-13 09:04:18')
                        
ERROR:root:execSQL execSQL failed 13/04/2022 09:04:18(1062, "Duplicate entry '054021-1-2022-01-22' for key 'rainfall_idx'")
ERROR:root: Insert failed meter_no:054021-1 date:2022-1-22 13/04/2022 09:04:18
INFO:root:execSQL execSQL 13/04/2022 09:04:18
ERROR:root:execSQL execSQL failed 13/04/2022 09:04:18 INSERT 
                        INTO `rainfall` (`id`, `meter_no`, `read_date`, 
                                `rf_read1`, `dy_read1`, `ql_read1`, `comments`, `creation_date`)
                        VALUES (58149, '054021-1', '2022-1-23', 0.0, 1, 'N', 'Bulk Load', '2022-04-13 09:04:18')
                        
ERROR:root:execSQL execSQL failed 13/04/2022 09:04:18(1062, "Duplicate entry '054021-1-2022-01-23' for key 'rainfall_idx'")
ERROR:root: Insert failed meter_no:054021-1 date:2022-1-23 13/04/2022 09:04:18
INFO:root:execSQL execSQL 13/04/2022 09:04:18
ERROR:root:execSQL execSQL failed 13/04/2022 09:04:18 INSERT 
                        INTO `rainfall` (`id`, `meter_no`, `read_date`, 
                                `rf_read1`, `dy_read1`, `ql_read1`, `comments`, `creation_date`)
                        VALUES (58149, '054021-1', '2022-1-24', 0.0, 1, 'N', 'Bulk Load', '2022-04-13 09:04:18')
                        
ERROR:root:execSQL execSQL failed 13/04/2022 09:04:18(1062, "Duplicate entry '054021-1-2022-01-24' for key 'rainfall_idx'")
ERROR:root: Insert failed meter_no:054021-1 date:2022-1-24 13/04/2022 09:04:18
INFO:root:execSQL execSQL 13/04/2022 09:04:18
ERROR:root:execSQL execSQL failed 13/04/2022 09:04:18 INSERT 
                        INTO `rainfall` (`id`, `meter_no`, `read_date`, 
                                `rf_read1`, `dy_read1`, `ql_read1`, `comments`, `creation_date`)
                        VALUES (58149, '054021-1', '2022-1-25', 0.0, 1, 'N', 'Bulk Load', '2022-04-13 09:04:18')
                        
ERROR:root:execSQL execSQL failed 13/04/2022 09:04:18(1062, "Duplicate entry '054021-1-2022-01-25' for key 'rainfall_idx'")
ERROR:root: Insert failed meter_no:054021-1 date:2022-1-25 13/04/2022 09:04:18
INFO:root:execSQL execSQL 13/04/2022 09:04:18
ERROR:root:execSQL execSQL failed 13/04/2022 09:04:18 INSERT 
                        INTO `rainfall` (`id`, `meter_no`, `read_date`, 
                                `rf_read1`, `dy_read1`, `ql_read1`, `comments`, `creation_date`)
                        VALUES (58149, '054021-1', '2022-1-26', 18.0, 1, 'N', 'Bulk Load', '2022-04-13 09:04:18')
                        
ERROR:root:execSQL execSQL failed 13/04/2022 09:04:18(1062, "Duplicate entry '054021-1-2022-01-26' for key 'rainfall_idx'")
ERROR:root: Insert failed meter_no:054021-1 date:2022-1-26 13/04/2022 09:04:18
INFO:root:execSQL execSQL 13/04/2022 09:04:18
ERROR:root:execSQL execSQL failed 13/04/2022 09:04:18 INSERT 
                        INTO `rainfall` (`id`, `meter_no`, `read_date`, 
                                `rf_read1`, `dy_read1`, `ql_read1`, `comments`, `creation_date`)
                        VALUES (58149, '054021-1', '2022-1-27', 14.2, 1, 'N', 'Bulk Load', '2022-04-13 09:04:18')
                        
ERROR:root:execSQL execSQL failed 13/04/2022 09:04:18(1062, "Duplicate entry '054021-1-2022-01-27' for key 'rainfall_idx'")
ERROR:root: Insert failed meter_no:054021-1 date:2022-1-27 13/04/2022 09:04:18
INFO:root:execSQL execSQL 13/04/2022 09:04:18
ERROR:root:execSQL execSQL failed 13/04/2022 09:04:18 INSERT 
                        INTO `rainfall` (`id`, `meter_no`, `read_date`, 
                                `rf_read1`, `dy_read1`, `ql_read1`, `comments`, `creation_date`)
                        VALUES (58149, '054021-1', '2022-1-28', 2.0, 1, 'N', 'Bulk Load', '2022-04-13 09:04:18')
                        
ERROR:root:execSQL execSQL failed 13/04/2022 09:04:18(1062, "Duplicate entry '054021-1-2022-01-28' for key 'rainfall_idx'")
ERROR:root: Insert failed meter_no:054021-1 date:2022-1-28 13/04/2022 09:04:18
INFO:root:execSQL execSQL 13/04/2022 09:04:18
ERROR:root:execSQL execSQL failed 13/04/2022 09:04:18 INSERT 
                        INTO `rainfall` (`id`, `meter_no`, `read_date`, 
                                `rf_read1`, `dy_read1`, `ql_read1`, `comments`, `creation_date`)
                        VALUES (58149, '054021-1', '2022-1-29', 0.0, 1, 'N', 'Bulk Load', '2022-04-13 09:04:18')
                        
ERROR:root:execSQL execSQL failed 13/04/2022 09:04:18(1062, "Duplicate entry '054021-1-2022-01-29' for key 'rainfall_idx'")
ERROR:root: Insert failed meter_no:054021-1 date:2022-1-29 13/04/2022 09:04:18
INFO:root:execSQL execSQL 13/04/2022 09:04:18
ERROR:root:execSQL execSQL failed 13/04/2022 09:04:18 INSERT 
                        INTO `rainfall` (`id`, `meter_no`, `read_date`, 
                                `rf_read1`, `dy_read1`, `ql_read1`, `comments`, `creation_date`)
                        VALUES (58149, '054021-1', '2022-1-30', 0.0, 1, 'N', 'Bulk Load', '2022-04-13 09:04:18')
                        
ERROR:root:execSQL execSQL failed 13/04/2022 09:04:18(1062, "Duplicate entry '054021-1-2022-01-30' for key 'rainfall_idx'")
ERROR:root: Insert failed meter_no:054021-1 date:2022-1-30 13/04/2022 09:04:18
INFO:root:execSQL execSQL 13/04/2022 09:04:18
ERROR:root:execSQL execSQL failed 13/04/2022 09:04:18 INSERT 
                        INTO `rainfall` (`id`, `meter_no`, `read_date`, 
                                `rf_read1`, `dy_read1`, `ql_read1`, `comments`, `creation_date`)
                        VALUES (58149, '054021-1', '2022-1-31', 0.0, 1, 'N', 'Bulk Load', '2022-04-13 09:04:18')
                        
ERROR:root:execSQL execSQL failed 13/04/2022 09:04:18(1062, "Duplicate entry '054021-1-2022-01-31' for key 'rainfall_idx'")
ERROR:root: Insert failed meter_no:054021-1 date:2022-1-31 13/04/2022 09:04:18
INFO:root:execSQL execSQL 13/04/2022 09:04:18
ERROR:root:execSQL execSQL failed 13/04/2022 09:04:18 INSERT 
                        INTO `rainfall` (`id`, `meter_no`, `read_date`, 
                                `rf_read1`, `dy_read1`, `ql_read1`, `comments`, `creation_date`)
                        VALUES (58149, '054021-1', '2022-2-1', 4.2, 1, 'N', 'Bulk Load', '2022-04-13 09:04:18')
                        
ERROR:root:execSQL execSQL failed 13/04/2022 09:04:18(1062, "Duplicate entry '054021-1-2022-02-01' for key 'rainfall_idx'")
ERROR:root: Insert failed meter_no:054021-1 date:2022-2-1 13/04/2022 09:04:18
INFO:root:execSQL execSQL 13/04/2022 09:04:18
ERROR:root:execSQL execSQL failed 13/04/2022 09:04:18 INSERT 
                        INTO `rainfall` (`id`, `meter_no`, `read_date`, 
                                `rf_read1`, `dy_read1`, `ql_read1`, `comments`, `creation_date`)
                        VALUES (58149, '054021-1', '2022-2-2', 6.0, 1, 'N', 'Bulk Load', '2022-04-13 09:04:18')
                        
ERROR:root:execSQL execSQL failed 13/04/2022 09:04:18(1062, "Duplicate entry '054021-1-2022-02-02' for key 'rainfall_idx'")
ERROR:root: Insert failed meter_no:054021-1 date:2022-2-2 13/04/2022 09:04:18
INFO:root:execSQL execSQL 13/04/2022 09:04:18
ERROR:root:execSQL execSQL failed 13/04/2022 09:04:18 INSERT 
                        INTO `rainfall` (`id`, `meter_no`, `read_date`, 
                                `rf_read1`, `dy_read1`, `ql_read1`, `comments`, `creation_date`)
                        VALUES (58149, '054021-1', '2022-2-3', 15.4, 1, 'N', 'Bulk Load', '2022-04-13 09:04:18')
                        
ERROR:root:execSQL execSQL failed 13/04/2022 09:04:18(1062, "Duplicate entry '054021-1-2022-02-03' for key 'rainfall_idx'")
ERROR:root: Insert failed meter_no:054021-1 date:2022-2-3 13/04/2022 09:04:18
INFO:root:execSQL execSQL 13/04/2022 09:04:18
ERROR:root:execSQL execSQL failed 13/04/2022 09:04:18 INSERT 
                        INTO `rainfall` (`id`, `meter_no`, `read_date`, 
                                `rf_read1`, `dy_read1`, `ql_read1`, `comments`, `creation_date`)
                        VALUES (58149, '054021-1', '2022-2-4', 1.0, 1, 'N', 'Bulk Load', '2022-04-13 09:04:18')
                        
ERROR:root:execSQL execSQL failed 13/04/2022 09:04:18(1062, "Duplicate entry '054021-1-2022-02-04' for key 'rainfall_idx'")
ERROR:root: Insert failed meter_no:054021-1 date:2022-2-4 13/04/2022 09:04:18
INFO:root:execSQL execSQL 13/04/2022 09:04:18
ERROR:root:execSQL execSQL failed 13/04/2022 09:04:18 INSERT 
                        INTO `rainfall` (`id`, `meter_no`, `read_date`, 
                                `rf_read1`, `dy_read1`, `ql_read1`, `comments`, `creation_date`)
                        VALUES (58149, '054021-1', '2022-2-5', 0.2, 1, 'N', 'Bulk Load', '2022-04-13 09:04:18')
                        
ERROR:root:execSQL execSQL failed 13/04/2022 09:04:18(1062, "Duplicate entry '054021-1-2022-02-05' for key 'rainfall_idx'")
ERROR:root: Insert failed meter_no:054021-1 date:2022-2-5 13/04/2022 09:04:18
INFO:root:execSQL execSQL 13/04/2022 09:04:18
ERROR:root:execSQL execSQL failed 13/04/2022 09:04:18 INSERT 
                        INTO `rainfall` (`id`, `meter_no`, `read_date`, 
                                `rf_read1`, `dy_read1`, `ql_read1`, `comments`, `creation_date`)
                        VALUES (58149, '054021-1', '2022-2-6', 0.0, 1, 'N', 'Bulk Load', '2022-04-13 09:04:18')
                        
ERROR:root:execSQL execSQL failed 13/04/2022 09:04:18(1062, "Duplicate entry '054021-1-2022-02-06' for key 'rainfall_idx'")
ERROR:root: Insert failed meter_no:054021-1 date:2022-2-6 13/04/2022 09:04:18
INFO:root:execSQL execSQL 13/04/2022 09:04:18
ERROR:root:execSQL execSQL failed 13/04/2022 09:04:18 INSERT 
                        INTO `rainfall` (`id`, `meter_no`, `read_date`, 
                                `rf_read1`, `dy_read1`, `ql_read1`, `comments`, `creation_date`)
                        VALUES (58149, '054021-1', '2022-2-7', 0.0, 1, 'N', 'Bulk Load', '2022-04-13 09:04:18')
                        
ERROR:root:execSQL execSQL failed 13/04/2022 09:04:18(1062, "Duplicate entry '054021-1-2022-02-07' for key 'rainfall_idx'")
ERROR:root: Insert failed meter_no:054021-1 date:2022-2-7 13/04/2022 09:04:18
INFO:root:execSQL execSQL 13/04/2022 09:04:18
ERROR:root:execSQL execSQL failed 13/04/2022 09:04:18 INSERT 
                        INTO `rainfall` (`id`, `meter_no`, `read_date`, 
                                `rf_read1`, `dy_read1`, `ql_read1`, `comments`, `creation_date`)
                        VALUES (58149, '054021-1', '2022-2-8', 0.2, 1, 'N', 'Bulk Load', '2022-04-13 09:04:18')
                        
ERROR:root:execSQL execSQL failed 13/04/2022 09:04:18(1062, "Duplicate entry '054021-1-2022-02-08' for key 'rainfall_idx'")
ERROR:root: Insert failed meter_no:054021-1 date:2022-2-8 13/04/2022 09:04:18
INFO:root:execSQL execSQL 13/04/2022 09:04:18
ERROR:root:execSQL execSQL failed 13/04/2022 09:04:18 INSERT 
                        INTO `rainfall` (`id`, `meter_no`, `read_date`, 
                                `rf_read1`, `dy_read1`, `ql_read1`, `comments`, `creation_date`)
                        VALUES (58149, '054021-1', '2022-2-9', 0.0, 1, 'N', 'Bulk Load', '2022-04-13 09:04:18')
                        
ERROR:root:execSQL execSQL failed 13/04/2022 09:04:18(1062, "Duplicate entry '054021-1-2022-02-09' for key 'rainfall_idx'")
ERROR:root: Insert failed meter_no:054021-1 date:2022-2-9 13/04/2022 09:04:18
INFO:root:execSQL execSQL 13/04/2022 09:04:18
ERROR:root:execSQL execSQL failed 13/04/2022 09:04:18 INSERT 
                        INTO `rainfall` (`id`, `meter_no`, `read_date`, 
                                `rf_read1`, `dy_read1`, `ql_read1`, `comments`, `creation_date`)
                        VALUES (58149, '054021-1', '2022-2-10', 0.0, 1, 'N', 'Bulk Load', '2022-04-13 09:04:18')
                        
ERROR:root:execSQL execSQL failed 13/04/2022 09:04:18(1062, "Duplicate entry '054021-1-2022-02-10' for key 'rainfall_idx'")
ERROR:root: Insert failed meter_no:054021-1 date:2022-2-10 13/04/2022 09:04:18
INFO:root:execSQL execSQL 13/04/2022 09:04:18
ERROR:root:execSQL execSQL failed 13/04/2022 09:04:18 INSERT 
                        INTO `rainfall` (`id`, `meter_no`, `read_date`, 
                                `rf_read1`, `dy_read1`, `ql_read1`, `comments`, `creation_date`)
                        VALUES (58149, '054021-1', '2022-2-11', 0.0, 1, 'N', 'Bulk Load', '2022-04-13 09:04:18')
                        
ERROR:root:execSQL execSQL failed 13/04/2022 09:04:18(1062, "Duplicate entry '054021-1-2022-02-11' for key 'rainfall_idx'")
ERROR:root: Insert failed meter_no:054021-1 date:2022-2-11 13/04/2022 09:04:18
INFO:root:execSQL execSQL 13/04/2022 09:04:18
ERROR:root:execSQL execSQL failed 13/04/2022 09:04:18 INSERT 
                        INTO `rainfall` (`id`, `meter_no`, `read_date`, 
                                `rf_read1`, `dy_read1`, `ql_read1`, `comments`, `creation_date`)
                        VALUES (58149, '054021-1', '2022-2-12', 0.0, 1, 'N', 'Bulk Load', '2022-04-13 09:04:18')
                        
ERROR:root:execSQL execSQL failed 13/04/2022 09:04:18(1062, "Duplicate entry '054021-1-2022-02-12' for key 'rainfall_idx'")
ERROR:root: Insert failed meter_no:054021-1 date:2022-2-12 13/04/2022 09:04:18
INFO:root:execSQL execSQL 13/04/2022 09:04:18
ERROR:root:execSQL execSQL failed 13/04/2022 09:04:18 INSERT 
                        INTO `rainfall` (`id`, `meter_no`, `read_date`, 
                                `rf_read1`, `dy_read1`, `ql_read1`, `comments`, `creation_date`)
                        VALUES (58149, '054021-1', '2022-2-13', 0.0, 1, 'N', 'Bulk Load', '2022-04-13 09:04:18')
                        
ERROR:root:execSQL execSQL failed 13/04/2022 09:04:18(1062, "Duplicate entry '054021-1-2022-02-13' for key 'rainfall_idx'")
ERROR:root: Insert failed meter_no:054021-1 date:2022-2-13 13/04/2022 09:04:18
INFO:root:execSQL execSQL 13/04/2022 09:04:18
ERROR:root:execSQL execSQL failed 13/04/2022 09:04:18 INSERT 
                        INTO `rainfall` (`id`, `meter_no`, `read_date`, 
                                `rf_read1`, `dy_read1`, `ql_read1`, `comments`, `creation_date`)
                        VALUES (58149, '054021-1', '2022-2-14', 0.0, 1, 'N', 'Bulk Load', '2022-04-13 09:04:18')
                        
ERROR:root:execSQL execSQL failed 13/04/2022 09:04:18(1062, "Duplicate entry '054021-1-2022-02-14' for key 'rainfall_idx'")
ERROR:root: Insert failed meter_no:054021-1 date:2022-2-14 13/04/2022 09:04:18
INFO:root:execSQL execSQL 13/04/2022 09:04:18
ERROR:root:execSQL execSQL failed 13/04/2022 09:04:19 INSERT 
                        INTO `rainfall` (`id`, `meter_no`, `read_date`, 
                                `rf_read1`, `dy_read1`, `ql_read1`, `comments`, `creation_date`)
                        VALUES (58149, '054021-1', '2022-2-15', 0.0, 1, 'N', 'Bulk Load', '2022-04-13 09:04:18')
                        
ERROR:root:execSQL execSQL failed 13/04/2022 09:04:19(1062, "Duplicate entry '054021-1-2022-02-15' for key 'rainfall_idx'")
ERROR:root: Insert failed meter_no:054021-1 date:2022-2-15 13/04/2022 09:04:19
INFO:root:execSQL execSQL 13/04/2022 09:04:19
ERROR:root:execSQL execSQL failed 13/04/2022 09:04:19 INSERT 
                        INTO `rainfall` (`id`, `meter_no`, `read_date`, 
                                `rf_read1`, `dy_read1`, `ql_read1`, `comments`, `creation_date`)
                        VALUES (58149, '054021-1', '2022-2-16', 0.0, 1, 'N', 'Bulk Load', '2022-04-13 09:04:18')
                        
ERROR:root:execSQL execSQL failed 13/04/2022 09:04:19(1062, "Duplicate entry '054021-1-2022-02-16' for key 'rainfall_idx'")
ERROR:root: Insert failed meter_no:054021-1 date:2022-2-16 13/04/2022 09:04:19
INFO:root:execSQL execSQL 13/04/2022 09:04:19
ERROR:root:execSQL execSQL failed 13/04/2022 09:04:19 INSERT 
                        INTO `rainfall` (`id`, `meter_no`, `read_date`, 
                                `rf_read1`, `dy_read1`, `ql_read1`, `comments`, `creation_date`)
                        VALUES (58149, '054021-1', '2022-2-17', 0.0, 1, 'N', 'Bulk Load', '2022-04-13 09:04:18')
                        
ERROR:root:execSQL execSQL failed 13/04/2022 09:04:19(1062, "Duplicate entry '054021-1-2022-02-17' for key 'rainfall_idx'")
ERROR:root: Insert failed meter_no:054021-1 date:2022-2-17 13/04/2022 09:04:19
INFO:root:execSQL execSQL 13/04/2022 09:04:19
ERROR:root:execSQL execSQL failed 13/04/2022 09:04:19 INSERT 
                        INTO `rainfall` (`id`, `meter_no`, `read_date`, 
                                `rf_read1`, `dy_read1`, `ql_read1`, `comments`, `creation_date`)
                        VALUES (58149, '054021-1', '2022-2-18', 0.0, 1, 'N', 'Bulk Load', '2022-04-13 09:04:18')
                        
ERROR:root:execSQL execSQL failed 13/04/2022 09:04:19(1062, "Duplicate entry '054021-1-2022-02-18' for key 'rainfall_idx'")
ERROR:root: Insert failed meter_no:054021-1 date:2022-2-18 13/04/2022 09:04:19
INFO:root:execSQL execSQL 13/04/2022 09:04:19
ERROR:root:execSQL execSQL failed 13/04/2022 09:04:19 INSERT 
                        INTO `rainfall` (`id`, `meter_no`, `read_date`, 
                                `rf_read1`, `dy_read1`, `ql_read1`, `comments`, `creation_date`)
                        VALUES (58149, '054021-1', '2022-2-19', 0.0, 1, 'N', 'Bulk Load', '2022-04-13 09:04:18')
                        
ERROR:root:execSQL execSQL failed 13/04/2022 09:04:19(1062, "Duplicate entry '054021-1-2022-02-19' for key 'rainfall_idx'")
ERROR:root: Insert failed meter_no:054021-1 date:2022-2-19 13/04/2022 09:04:19
INFO:root:execSQL execSQL 13/04/2022 09:04:19
ERROR:root:execSQL execSQL failed 13/04/2022 09:04:19 INSERT 
                        INTO `rainfall` (`id`, `meter_no`, `read_date`, 
                                `rf_read1`, `dy_read1`, `ql_read1`, `comments`, `creation_date`)
                        VALUES (58149, '054021-1', '2022-2-28', 0.0, 1, 'N', 'Bulk Load', '2022-04-13 09:04:18')
                        
ERROR:root:execSQL execSQL failed 13/04/2022 09:04:19(1062, "Duplicate entry '054021-1-2022-02-28' for key 'rainfall_idx'")
ERROR:root: Insert failed meter_no:054021-1 date:2022-2-28 13/04/2022 09:04:19
INFO:root:execSQL execSQL 13/04/2022 09:04:19
ERROR:root:execSQL execSQL failed 13/04/2022 09:04:19 INSERT 
                        INTO `rainfall` (`id`, `meter_no`, `read_date`, 
                                `rf_read1`, `dy_read1`, `ql_read1`, `comments`, `creation_date`)
                        VALUES (58149, '054021-1', '2022-3-1', 0.0, 1, 'N', 'Bulk Load', '2022-04-13 09:04:18')
                        
ERROR:root:execSQL execSQL failed 13/04/2022 09:04:19(1062, "Duplicate entry '054021-1-2022-03-01' for key 'rainfall_idx'")
ERROR:root: Insert failed meter_no:054021-1 date:2022-3-1 13/04/2022 09:04:19
INFO:root:execSQL execSQL 13/04/2022 09:04:19
ERROR:root:execSQL execSQL failed 13/04/2022 09:04:19 INSERT 
                        INTO `rainfall` (`id`, `meter_no`, `read_date`, 
                                `rf_read1`, `dy_read1`, `ql_read1`, `comments`, `creation_date`)
                        VALUES (58149, '054021-1', '2022-3-2', 0.0, 1, 'N', 'Bulk Load', '2022-04-13 09:04:18')
                        
ERROR:root:execSQL execSQL failed 13/04/2022 09:04:19(1062, "Duplicate entry '054021-1-2022-03-02' for key 'rainfall_idx'")
ERROR:root: Insert failed meter_no:054021-1 date:2022-3-2 13/04/2022 09:04:19
INFO:root:execSQL execSQL 13/04/2022 09:04:19
ERROR:root:execSQL execSQL failed 13/04/2022 09:04:19 INSERT 
                        INTO `rainfall` (`id`, `meter_no`, `read_date`, 
                                `rf_read1`, `dy_read1`, `ql_read1`, `comments`, `creation_date`)
                        VALUES (58149, '054021-1', '2022-3-3', 0.0, 1, 'N', 'Bulk Load', '2022-04-13 09:04:18')
                        
ERROR:root:execSQL execSQL failed 13/04/2022 09:04:19(1062, "Duplicate entry '054021-1-2022-03-03' for key 'rainfall_idx'")
ERROR:root: Insert failed meter_no:054021-1 date:2022-3-3 13/04/2022 09:04:19
INFO:root:execSQL execSQL 13/04/2022 09:04:19
ERROR:root:execSQL execSQL failed 13/04/2022 09:04:19 INSERT 
                        INTO `rainfall` (`id`, `meter_no`, `read_date`, 
                                `rf_read1`, `dy_read1`, `ql_read1`, `comments`, `creation_date`)
                        VALUES (58149, '054021-1', '2022-3-4', 0.2, 1, 'N', 'Bulk Load', '2022-04-13 09:04:18')
                        
ERROR:root:execSQL execSQL failed 13/04/2022 09:04:19(1062, "Duplicate entry '054021-1-2022-03-04' for key 'rainfall_idx'")
ERROR:root: Insert failed meter_no:054021-1 date:2022-3-4 13/04/2022 09:04:19
INFO:root:execSQL execSQL 13/04/2022 09:04:19
ERROR:root:execSQL execSQL failed 13/04/2022 09:04:19 INSERT 
                        INTO `rainfall` (`id`, `meter_no`, `read_date`, 
                                `rf_read1`, `dy_read1`, `ql_read1`, `comments`, `creation_date`)
                        VALUES (58149, '054021-1', '2022-3-5', 0.0, 1, 'N', 'Bulk Load', '2022-04-13 09:04:18')
                        
ERROR:root:execSQL execSQL failed 13/04/2022 09:04:19(1062, "Duplicate entry '054021-1-2022-03-05' for key 'rainfall_idx'")
ERROR:root: Insert failed meter_no:054021-1 date:2022-3-5 13/04/2022 09:04:19
INFO:root:execSQL execSQL 13/04/2022 09:04:19
ERROR:root:execSQL execSQL failed 13/04/2022 09:04:19 INSERT 
                        INTO `rainfall` (`id`, `meter_no`, `read_date`, 
                                `rf_read1`, `dy_read1`, `ql_read1`, `comments`, `creation_date`)
                        VALUES (58149, '054021-1', '2022-3-6', 0.6, 1, 'N', 'Bulk Load', '2022-04-13 09:04:18')
                        
ERROR:root:execSQL execSQL failed 13/04/2022 09:04:19(1062, "Duplicate entry '054021-1-2022-03-06' for key 'rainfall_idx'")
ERROR:root: Insert failed meter_no:054021-1 date:2022-3-6 13/04/2022 09:04:19
INFO:root:execSQL execSQL 13/04/2022 09:04:19
ERROR:root:execSQL execSQL failed 13/04/2022 09:04:19 INSERT 
                        INTO `rainfall` (`id`, `meter_no`, `read_date`, 
                                `rf_read1`, `dy_read1`, `ql_read1`, `comments`, `creation_date`)
                        VALUES (58149, '054021-1', '2022-3-7', 0.0, 1, 'N', 'Bulk Load', '2022-04-13 09:04:18')
                        
ERROR:root:execSQL execSQL failed 13/04/2022 09:04:19(1062, "Duplicate entry '054021-1-2022-03-07' for key 'rainfall_idx'")
ERROR:root: Insert failed meter_no:054021-1 date:2022-3-7 13/04/2022 09:04:19
INFO:root:execSQL execSQL 13/04/2022 09:04:19
ERROR:root:execSQL execSQL failed 13/04/2022 09:04:19 INSERT 
                        INTO `rainfall` (`id`, `meter_no`, `read_date`, 
                                `rf_read1`, `dy_read1`, `ql_read1`, `comments`, `creation_date`)
                        VALUES (58149, '054021-1', '2022-3-8', 0.0, 1, 'N', 'Bulk Load', '2022-04-13 09:04:18')
                        
ERROR:root:execSQL execSQL failed 13/04/2022 09:04:19(1062, "Duplicate entry '054021-1-2022-03-08' for key 'rainfall_idx'")
ERROR:root: Insert failed meter_no:054021-1 date:2022-3-8 13/04/2022 09:04:19
INFO:root:execSQL execSQL 13/04/2022 09:04:19
ERROR:root:execSQL execSQL failed 13/04/2022 09:04:19 INSERT 
                        INTO `rainfall` (`id`, `meter_no`, `read_date`, 
                                `rf_read1`, `dy_read1`, `ql_read1`, `comments`, `creation_date`)
                        VALUES (58149, '054021-1', '2022-3-9', 13.6, 1, 'N', 'Bulk Load', '2022-04-13 09:04:18')
                        
ERROR:root:execSQL execSQL failed 13/04/2022 09:04:19(1062, "Duplicate entry '054021-1-2022-03-09' for key 'rainfall_idx'")
ERROR:root: Insert failed meter_no:054021-1 date:2022-3-9 13/04/2022 09:04:19
INFO:root:execSQL execSQL 13/04/2022 09:04:19
ERROR:root:execSQL execSQL failed 13/04/2022 09:04:19 INSERT 
                        INTO `rainfall` (`id`, `meter_no`, `read_date`, 
                                `rf_read1`, `dy_read1`, `ql_read1`, `comments`, `creation_date`)
                        VALUES (58149, '054021-1', '2022-3-10', 0.2, 1, 'N', 'Bulk Load', '2022-04-13 09:04:18')
                        
ERROR:root:execSQL execSQL failed 13/04/2022 09:04:19(1062, "Duplicate entry '054021-1-2022-03-10' for key 'rainfall_idx'")
ERROR:root: Insert failed meter_no:054021-1 date:2022-3-10 13/04/2022 09:04:19
INFO:root:execSQL execSQL 13/04/2022 09:04:19
ERROR:root:execSQL execSQL failed 13/04/2022 09:04:19 INSERT 
                        INTO `rainfall` (`id`, `meter_no`, `read_date`, 
                                `rf_read1`, `dy_read1`, `ql_read1`, `comments`, `creation_date`)
                        VALUES (58149, '054021-1', '2022-3-11', 0.0, 1, 'N', 'Bulk Load', '2022-04-13 09:04:18')
                        
ERROR:root:execSQL execSQL failed 13/04/2022 09:04:19(1062, "Duplicate entry '054021-1-2022-03-11' for key 'rainfall_idx'")
ERROR:root: Insert failed meter_no:054021-1 date:2022-3-11 13/04/2022 09:04:19
INFO:root:execSQL execSQL 13/04/2022 09:04:19
ERROR:root:execSQL execSQL failed 13/04/2022 09:04:19 INSERT 
                        INTO `rainfall` (`id`, `meter_no`, `read_date`, 
                                `rf_read1`, `dy_read1`, `ql_read1`, `comments`, `creation_date`)
                        VALUES (58149, '054021-1', '2022-3-12', 1.0, 1, 'N', 'Bulk Load', '2022-04-13 09:04:18')
                        
ERROR:root:execSQL execSQL failed 13/04/2022 09:04:19(1062, "Duplicate entry '054021-1-2022-03-12' for key 'rainfall_idx'")
ERROR:root: Insert failed meter_no:054021-1 date:2022-3-12 13/04/2022 09:04:19
INFO:root:execSQL execSQL 13/04/2022 09:04:19
ERROR:root:execSQL execSQL failed 13/04/2022 09:04:19 INSERT 
                        INTO `rainfall` (`id`, `meter_no`, `read_date`, 
                                `rf_read1`, `dy_read1`, `ql_read1`, `comments`, `creation_date`)
                        VALUES (58149, '054021-1', '2022-3-13', 0.0, 1, 'N', 'Bulk Load', '2022-04-13 09:04:18')
                        
ERROR:root:execSQL execSQL failed 13/04/2022 09:04:19(1062, "Duplicate entry '054021-1-2022-03-13' for key 'rainfall_idx'")
ERROR:root: Insert failed meter_no:054021-1 date:2022-3-13 13/04/2022 09:04:19
INFO:root:execSQL execSQL 13/04/2022 09:04:19
ERROR:root:execSQL execSQL failed 13/04/2022 09:04:19 INSERT 
                        INTO `rainfall` (`id`, `meter_no`, `read_date`, 
                                `rf_read1`, `dy_read1`, `ql_read1`, `comments`, `creation_date`)
                        VALUES (58149, '054021-1', '2022-3-14', 0.0, 1, 'N', 'Bulk Load', '2022-04-13 09:04:18')
                        
ERROR:root:execSQL execSQL failed 13/04/2022 09:04:19(1062, "Duplicate entry '054021-1-2022-03-14' for key 'rainfall_idx'")
ERROR:root: Insert failed meter_no:054021-1 date:2022-3-14 13/04/2022 09:04:19
INFO:root:execSQL execSQL 13/04/2022 09:04:19
ERROR:root:execSQL execSQL failed 13/04/2022 09:04:19 INSERT 
                        INTO `rainfall` (`id`, `meter_no`, `read_date`, 
                                `rf_read1`, `dy_read1`, `ql_read1`, `comments`, `creation_date`)
                        VALUES (58149, '054021-1', '2022-3-15', 0.0, 1, 'N', 'Bulk Load', '2022-04-13 09:04:18')
                        
ERROR:root:execSQL execSQL failed 13/04/2022 09:04:19(1062, "Duplicate entry '054021-1-2022-03-15' for key 'rainfall_idx'")
ERROR:root: Insert failed meter_no:054021-1 date:2022-3-15 13/04/2022 09:04:19
INFO:root:execSQL execSQL 13/04/2022 09:04:19
ERROR:root:execSQL execSQL failed 13/04/2022 09:04:19 INSERT 
                        INTO `rainfall` (`id`, `meter_no`, `read_date`, 
                                `rf_read1`, `dy_read1`, `ql_read1`, `comments`, `creation_date`)
                        VALUES (58149, '054021-1', '2022-3-16', 0.0, 1, 'N', 'Bulk Load', '2022-04-13 09:04:18')
                        
ERROR:root:execSQL execSQL failed 13/04/2022 09:04:19(1062, "Duplicate entry '054021-1-2022-03-16' for key 'rainfall_idx'")
ERROR:root: Insert failed meter_no:054021-1 date:2022-3-16 13/04/2022 09:04:19
INFO:root:execSQL execSQL 13/04/2022 09:04:19
ERROR:root:execSQL execSQL failed 13/04/2022 09:04:19 INSERT 
                        INTO `rainfall` (`id`, `meter_no`, `read_date`, 
                                `rf_read1`, `dy_read1`, `ql_read1`, `comments`, `creation_date`)
                        VALUES (58149, '054021-1', '2022-3-17', 0.0, 1, 'N', 'Bulk Load', '2022-04-13 09:04:18')
                        
ERROR:root:execSQL execSQL failed 13/04/2022 09:04:19(1062, "Duplicate entry '054021-1-2022-03-17' for key 'rainfall_idx'")
ERROR:root: Insert failed meter_no:054021-1 date:2022-3-17 13/04/2022 09:04:19
INFO:root:execSQL execSQL 13/04/2022 09:04:19
ERROR:root:execSQL execSQL failed 13/04/2022 09:04:19 INSERT 
                        INTO `rainfall` (`id`, `meter_no`, `read_date`, 
                                `rf_read1`, `dy_read1`, `ql_read1`, `comments`, `creation_date`)
                        VALUES (58149, '054021-1', '2022-3-18', 0.4, 1, 'N', 'Bulk Load', '2022-04-13 09:04:18')
                        
ERROR:root:execSQL execSQL failed 13/04/2022 09:04:19(1062, "Duplicate entry '054021-1-2022-03-18' for key 'rainfall_idx'")
ERROR:root: Insert failed meter_no:054021-1 date:2022-3-18 13/04/2022 09:04:19
INFO:root:execSQL execSQL 13/04/2022 09:04:19
ERROR:root:execSQL execSQL failed 13/04/2022 09:04:19 INSERT 
                        INTO `rainfall` (`id`, `meter_no`, `read_date`, 
                                `rf_read1`, `dy_read1`, `ql_read1`, `comments`, `creation_date`)
                        VALUES (58149, '054021-1', '2022-3-19', 1.2, 1, 'N', 'Bulk Load', '2022-04-13 09:04:18')
                        
ERROR:root:execSQL execSQL failed 13/04/2022 09:04:19(1062, "Duplicate entry '054021-1-2022-03-19' for key 'rainfall_idx'")
ERROR:root: Insert failed meter_no:054021-1 date:2022-3-19 13/04/2022 09:04:19
INFO:root:execSQL execSQL 13/04/2022 09:04:19
ERROR:root:execSQL execSQL failed 13/04/2022 09:04:19 INSERT 
                        INTO `rainfall` (`id`, `meter_no`, `read_date`, 
                                `rf_read1`, `dy_read1`, `ql_read1`, `comments`, `creation_date`)
                        VALUES (58149, '054021-1', '2022-3-20', 0.0, 1, 'N', 'Bulk Load', '2022-04-13 09:04:18')
                        
ERROR:root:execSQL execSQL failed 13/04/2022 09:04:19(1062, "Duplicate entry '054021-1-2022-03-20' for key 'rainfall_idx'")
ERROR:root: Insert failed meter_no:054021-1 date:2022-3-20 13/04/2022 09:04:19
INFO:root:execSQL execSQL 13/04/2022 09:04:19
ERROR:root:execSQL execSQL failed 13/04/2022 09:04:19 INSERT 
                        INTO `rainfall` (`id`, `meter_no`, `read_date`, 
                                `rf_read1`, `dy_read1`, `ql_read1`, `comments`, `creation_date`)
                        VALUES (58149, '054021-1', '2022-3-21', 0.0, 1, 'N', 'Bulk Load', '2022-04-13 09:04:18')
                        
ERROR:root:execSQL execSQL failed 13/04/2022 09:04:19(1062, "Duplicate entry '054021-1-2022-03-21' for key 'rainfall_idx'")
ERROR:root: Insert failed meter_no:054021-1 date:2022-3-21 13/04/2022 09:04:19
INFO:root:execSQL execSQL 13/04/2022 09:04:19
ERROR:root:execSQL execSQL failed 13/04/2022 09:04:19 INSERT 
                        INTO `rainfall` (`id`, `meter_no`, `read_date`, 
                                `rf_read1`, `dy_read1`, `ql_read1`, `comments`, `creation_date`)
                        VALUES (58149, '054021-1', '2022-3-22', 0.0, 1, 'N', 'Bulk Load', '2022-04-13 09:04:18')
                        
ERROR:root:execSQL execSQL failed 13/04/2022 09:04:19(1062, "Duplicate entry '054021-1-2022-03-22' for key 'rainfall_idx'")
ERROR:root: Insert failed meter_no:054021-1 date:2022-3-22 13/04/2022 09:04:19
INFO:root:execSQL execSQL 13/04/2022 09:04:19
ERROR:root:execSQL execSQL failed 13/04/2022 09:04:19 INSERT 
                        INTO `rainfall` (`id`, `meter_no`, `read_date`, 
                                `rf_read1`, `dy_read1`, `ql_read1`, `comments`, `creation_date`)
                        VALUES (58149, '054021-1', '2022-3-23', 0.0, 1, 'N', 'Bulk Load', '2022-04-13 09:04:18')
                        
ERROR:root:execSQL execSQL failed 13/04/2022 09:04:19(1062, "Duplicate entry '054021-1-2022-03-23' for key 'rainfall_idx'")
ERROR:root: Insert failed meter_no:054021-1 date:2022-3-23 13/04/2022 09:04:19
INFO:root:execSQL execSQL 13/04/2022 09:04:19
ERROR:root:execSQL execSQL failed 13/04/2022 09:04:19 INSERT 
                        INTO `rainfall` (`id`, `meter_no`, `read_date`, 
                                `rf_read1`, `dy_read1`, `ql_read1`, `comments`, `creation_date`)
                        VALUES (58149, '054021-1', '2022-3-24', 0.0, 1, 'N', 'Bulk Load', '2022-04-13 09:04:18')
                        
ERROR:root:execSQL execSQL failed 13/04/2022 09:04:19(1062, "Duplicate entry '054021-1-2022-03-24' for key 'rainfall_idx'")
ERROR:root: Insert failed meter_no:054021-1 date:2022-3-24 13/04/2022 09:04:19
INFO:root:execSQL execSQL 13/04/2022 09:04:19
ERROR:root:execSQL execSQL failed 13/04/2022 09:04:19 INSERT 
                        INTO `rainfall` (`id`, `meter_no`, `read_date`, 
                                `rf_read1`, `dy_read1`, `ql_read1`, `comments`, `creation_date`)
                        VALUES (58149, '054021-1', '2022-3-25', 5.2, 1, 'N', 'Bulk Load', '2022-04-13 09:04:18')
                        
ERROR:root:execSQL execSQL failed 13/04/2022 09:04:19(1062, "Duplicate entry '054021-1-2022-03-25' for key 'rainfall_idx'")
ERROR:root: Insert failed meter_no:054021-1 date:2022-3-25 13/04/2022 09:04:19
INFO:root:execSQL execSQL 13/04/2022 09:04:19
ERROR:root:execSQL execSQL failed 13/04/2022 09:04:19 INSERT 
                        INTO `rainfall` (`id`, `meter_no`, `read_date`, 
                                `rf_read1`, `dy_read1`, `ql_read1`, `comments`, `creation_date`)
                        VALUES (58149, '054021-1', '2022-3-26', 0.2, 1, 'N', 'Bulk Load', '2022-04-13 09:04:18')
                        
ERROR:root:execSQL execSQL failed 13/04/2022 09:04:19(1062, "Duplicate entry '054021-1-2022-03-26' for key 'rainfall_idx'")
ERROR:root: Insert failed meter_no:054021-1 date:2022-3-26 13/04/2022 09:04:19
INFO:root:execSQL execSQL 13/04/2022 09:04:19
ERROR:root:execSQL execSQL failed 13/04/2022 09:04:19 INSERT 
                        INTO `rainfall` (`id`, `meter_no`, `read_date`, 
                                `rf_read1`, `dy_read1`, `ql_read1`, `comments`, `creation_date`)
                        VALUES (58149, '054021-1', '2022-3-27', 4.4, 1, 'N', 'Bulk Load', '2022-04-13 09:04:18')
                        
ERROR:root:execSQL execSQL failed 13/04/2022 09:04:19(1062, "Duplicate entry '054021-1-2022-03-27' for key 'rainfall_idx'")
ERROR:root: Insert failed meter_no:054021-1 date:2022-3-27 13/04/2022 09:04:19
INFO:root:execSQL execSQL 13/04/2022 09:04:19
ERROR:root:execSQL execSQL failed 13/04/2022 09:04:19 INSERT 
                        INTO `rainfall` (`id`, `meter_no`, `read_date`, 
                                `rf_read1`, `dy_read1`, `ql_read1`, `comments`, `creation_date`)
                        VALUES (58149, '054021-1', '2022-3-28', 8.4, 1, 'N', 'Bulk Load', '2022-04-13 09:04:18')
                        
ERROR:root:execSQL execSQL failed 13/04/2022 09:04:19(1062, "Duplicate entry '054021-1-2022-03-28' for key 'rainfall_idx'")
ERROR:root: Insert failed meter_no:054021-1 date:2022-3-28 13/04/2022 09:04:19
INFO:root:execSQL execSQL 13/04/2022 09:04:19
ERROR:root:execSQL execSQL failed 13/04/2022 09:04:19 INSERT 
                        INTO `rainfall` (`id`, `meter_no`, `read_date`, 
                                `rf_read1`, `dy_read1`, `ql_read1`, `comments`, `creation_date`)
                        VALUES (58149, '054021-1', '2022-3-29', 14.2, 1, 'N', 'Bulk Load', '2022-04-13 09:04:18')
                        
ERROR:root:execSQL execSQL failed 13/04/2022 09:04:19(1062, "Duplicate entry '054021-1-2022-03-29' for key 'rainfall_idx'")
ERROR:root: Insert failed meter_no:054021-1 date:2022-3-29 13/04/2022 09:04:19
INFO:root:execSQL execSQL 13/04/2022 09:04:19
ERROR:root:execSQL execSQL failed 13/04/2022 09:04:19 INSERT 
                        INTO `rainfall` (`id`, `meter_no`, `read_date`, 
                                `rf_read1`, `dy_read1`, `ql_read1`, `comments`, `creation_date`)
                        VALUES (58149, '054021-1', '2022-3-30', 16.2, 1, 'N', 'Bulk Load', '2022-04-13 09:04:18')
                        
ERROR:root:execSQL execSQL failed 13/04/2022 09:04:19(1062, "Duplicate entry '054021-1-2022-03-30' for key 'rainfall_idx'")
ERROR:root: Insert failed meter_no:054021-1 date:2022-3-30 13/04/2022 09:04:19
INFO:root:execSQL execSQL 13/04/2022 09:04:19
ERROR:root:execSQL execSQL failed 13/04/2022 09:04:19 INSERT 
                        INTO `rainfall` (`id`, `meter_no`, `read_date`, 
                                `rf_read1`, `dy_read1`, `ql_read1`, `comments`, `creation_date`)
                        VALUES (58149, '054021-1', '2022-3-31', 0.0, 1, 'N', 'Bulk Load', '2022-04-13 09:04:18')
                        
ERROR:root:execSQL execSQL failed 13/04/2022 09:04:19(1062, "Duplicate entry '054021-1-2022-03-31' for key 'rainfall_idx'")
ERROR:root: Insert failed meter_no:054021-1 date:2022-3-31 13/04/2022 09:04:19
INFO:root:execSQL execSQL 13/04/2022 09:04:19
ERROR:root:execSQL execSQL failed 13/04/2022 09:04:19 INSERT 
                        INTO `rainfall` (`id`, `meter_no`, `read_date`, 
                                `rf_read1`, `dy_read1`, `ql_read1`, `comments`, `creation_date`)
                        VALUES (58149, '054021-1', '2022-4-1', 0.2, 1, 'N', 'Bulk Load', '2022-04-13 09:04:18')
                        
ERROR:root:execSQL execSQL failed 13/04/2022 09:04:19(1062, "Duplicate entry '054021-1-2022-04-01' for key 'rainfall_idx'")
ERROR:root: Insert failed meter_no:054021-1 date:2022-4-1 13/04/2022 09:04:19
INFO:root:execSQL execSQL 13/04/2022 09:04:19
ERROR:root:execSQL execSQL failed 13/04/2022 09:04:19 INSERT 
                        INTO `rainfall` (`id`, `meter_no`, `read_date`, 
                                `rf_read1`, `dy_read1`, `ql_read1`, `comments`, `creation_date`)
                        VALUES (58149, '054021-1', '2022-4-2', 0.0, 1, 'N', 'Bulk Load', '2022-04-13 09:04:18')
                        
ERROR:root:execSQL execSQL failed 13/04/2022 09:04:19(1062, "Duplicate entry '054021-1-2022-04-02' for key 'rainfall_idx'")
ERROR:root: Insert failed meter_no:054021-1 date:2022-4-2 13/04/2022 09:04:19
INFO:root:execSQL execSQL 13/04/2022 09:04:19
ERROR:root:execSQL execSQL failed 13/04/2022 09:04:19 INSERT 
                        INTO `rainfall` (`id`, `meter_no`, `read_date`, 
                                `rf_read1`, `dy_read1`, `ql_read1`, `comments`, `creation_date`)
                        VALUES (58149, '054021-1', '2022-4-3', 0.0, 1, 'N', 'Bulk Load', '2022-04-13 09:04:18')
                        
ERROR:root:execSQL execSQL failed 13/04/2022 09:04:19(1062, "Duplicate entry '054021-1-2022-04-03' for key 'rainfall_idx'")
ERROR:root: Insert failed meter_no:054021-1 date:2022-4-3 13/04/2022 09:04:19
INFO:root:execSQL execSQL 13/04/2022 09:04:19
ERROR:root:execSQL execSQL failed 13/04/2022 09:04:19 INSERT 
                        INTO `rainfall` (`id`, `meter_no`, `read_date`, 
                                `rf_read1`, `dy_read1`, `ql_read1`, `comments`, `creation_date`)
                        VALUES (58149, '054021-1', '2022-4-4', 8.0, 1, 'N', 'Bulk Load', '2022-04-13 09:04:18')
                        
ERROR:root:execSQL execSQL failed 13/04/2022 09:04:19(1062, "Duplicate entry '054021-1-2022-04-04' for key 'rainfall_idx'")
ERROR:root: Insert failed meter_no:054021-1 date:2022-4-4 13/04/2022 09:04:19
INFO:root:execSQL execSQL 13/04/2022 09:04:19
ERROR:root:execSQL execSQL failed 13/04/2022 09:04:19 INSERT 
                        INTO `rainfall` (`id`, `meter_no`, `read_date`, 
                                `rf_read1`, `dy_read1`, `ql_read1`, `comments`, `creation_date`)
                        VALUES (58149, '054021-1', '2022-4-5', 7.6, 1, 'N', 'Bulk Load', '2022-04-13 09:04:18')
                        
ERROR:root:execSQL execSQL failed 13/04/2022 09:04:19(1062, "Duplicate entry '054021-1-2022-04-05' for key 'rainfall_idx'")
ERROR:root: Insert failed meter_no:054021-1 date:2022-4-5 13/04/2022 09:04:19
INFO:root:execSQL execSQL 13/04/2022 09:04:19
ERROR:root:execSQL execSQL failed 13/04/2022 09:04:19 INSERT 
                        INTO `rainfall` (`id`, `meter_no`, `read_date`, 
                                `rf_read1`, `dy_read1`, `ql_read1`, `comments`, `creation_date`)
                        VALUES (58149, '054021-1', '2022-4-6', 0.2, 1, 'N', 'Bulk Load', '2022-04-13 09:04:18')
                        
ERROR:root:execSQL execSQL failed 13/04/2022 09:04:19(1062, "Duplicate entry '054021-1-2022-04-06' for key 'rainfall_idx'")
ERROR:root: Insert failed meter_no:054021-1 date:2022-4-6 13/04/2022 09:04:19
INFO:root:execSQL execSQL 13/04/2022 09:04:19
ERROR:root:execSQL execSQL failed 13/04/2022 09:04:19 INSERT 
                        INTO `rainfall` (`id`, `meter_no`, `read_date`, 
                                `rf_read1`, `dy_read1`, `ql_read1`, `comments`, `creation_date`)
                        VALUES (58149, '054021-1', '2022-4-7', 4.4, 1, 'N', 'Bulk Load', '2022-04-13 09:04:18')
                        
ERROR:root:execSQL execSQL failed 13/04/2022 09:04:19(1062, "Duplicate entry '054021-1-2022-04-07' for key 'rainfall_idx'")
ERROR:root: Insert failed meter_no:054021-1 date:2022-4-7 13/04/2022 09:04:19
INFO:root:execSQL execSQL 13/04/2022 09:04:19
ERROR:root:execSQL execSQL failed 13/04/2022 09:04:19 INSERT 
                        INTO `rainfall` (`id`, `meter_no`, `read_date`, 
                                `rf_read1`, `dy_read1`, `ql_read1`, `comments`, `creation_date`)
                        VALUES (58149, '054021-1', '2022-4-8', 1.2, 1, 'N', 'Bulk Load', '2022-04-13 09:04:18')
                        
ERROR:root:execSQL execSQL failed 13/04/2022 09:04:19(1062, "Duplicate entry '054021-1-2022-04-08' for key 'rainfall_idx'")
ERROR:root: Insert failed meter_no:054021-1 date:2022-4-8 13/04/2022 09:04:19
INFO:root:execSQL execSQL 13/04/2022 09:04:19
ERROR:root:execSQL execSQL failed 13/04/2022 09:04:19 INSERT 
                        INTO `rainfall` (`id`, `meter_no`, `read_date`, 
                                `rf_read1`, `dy_read1`, `ql_read1`, `comments`, `creation_date`)
                        VALUES (58149, '054021-1', '2022-4-9', 2.0, 1, 'N', 'Bulk Load', '2022-04-13 09:04:18')
                        
ERROR:root:execSQL execSQL failed 13/04/2022 09:04:19(1062, "Duplicate entry '054021-1-2022-04-09' for key 'rainfall_idx'")
ERROR:root: Insert failed meter_no:054021-1 date:2022-4-9 13/04/2022 09:04:19
INFO:root:execSQL execSQL 13/04/2022 09:04:19
ERROR:root:execSQL execSQL failed 13/04/2022 09:04:19 INSERT 
                        INTO `rainfall` (`id`, `meter_no`, `read_date`, 
                                `rf_read1`, `dy_read1`, `ql_read1`, `comments`, `creation_date`)
                        VALUES (58149, '054021-1', '2022-4-10', 4.4, 1, 'N', 'Bulk Load', '2022-04-13 09:04:18')
                        
ERROR:root:execSQL execSQL failed 13/04/2022 09:04:19(1062, "Duplicate entry '054021-1-2022-04-10' for key 'rainfall_idx'")
ERROR:root: Insert failed meter_no:054021-1 date:2022-4-10 13/04/2022 09:04:19
INFO:root:execSQL execSQL 13/04/2022 09:04:19
ERROR:root:execSQL execSQL failed 13/04/2022 09:04:19 INSERT 
                        INTO `rainfall` (`id`, `meter_no`, `read_date`, 
                                `rf_read1`, `dy_read1`, `ql_read1`, `comments`, `creation_date`)
                        VALUES (58149, '054021-1', '2022-4-11', 0.2, 1, 'N', 'Bulk Load', '2022-04-13 09:04:18')
                        
ERROR:root:execSQL execSQL failed 13/04/2022 09:04:19(1062, "Duplicate entry '054021-1-2022-04-11' for key 'rainfall_idx'")
ERROR:root: Insert failed meter_no:054021-1 date:2022-4-11 13/04/2022 09:04:19
INFO:root:execSQL execSQL 13/04/2022 09:04:19
ERROR:root:execSQL execSQL failed 13/04/2022 09:04:19 INSERT 
                        INTO `rainfall` (`id`, `meter_no`, `read_date`, 
                                `rf_read1`, `dy_read1`, `ql_read1`, `comments`, `creation_date`)
                        VALUES (58149, '054021-1', '2022-4-12', 0.0, 1, 'N', 'Bulk Load', '2022-04-13 09:04:18')
                        
ERROR:root:execSQL execSQL failed 13/04/2022 09:04:19(1062, "Duplicate entry '054021-1-2022-04-12' for key 'rainfall_idx'")
ERROR:root: Insert failed meter_no:054021-1 date:2022-4-12 13/04/2022 09:04:19
INFO:root:moveFile About to move /home/admin/dockers/waterdata_backend/data/bulk_upload//home/admin/dockers/waterdata_backend/data/bulk_upload/IDCJAC0009_054151_2022_Data.csv to directory name /home/admin/dockers/waterdata_backend/data/bulk_upload/bulk_upload_hist at 13/04/2022 09:04:19
